
*** Running vivado
    with args -log design_1_wrapper.vds -m64 -product Vivado -mode batch -messageDb vivado.pb -notrace -source design_1_wrapper.tcl


****** Vivado v2018.2 (64-bit)
  **** SW Build 2258646 on Thu Jun 14 20:03:12 MDT 2018
  **** IP Build 2256618 on Thu Jun 14 22:10:49 MDT 2018
    ** Copyright 1986-2018 Xilinx, Inc. All Rights Reserved.

source design_1_wrapper.tcl -notrace
INFO: [IP_Flow 19-234] Refreshing IP repositories
INFO: [IP_Flow 19-1700] Loaded user IP repository 'c:/ZYBO/Work-2018.2/APP6-GE/S4e-APP6-Vivado_Etudiant/ip_repo/myip_1.0'.
INFO: [IP_Flow 19-1700] Loaded user IP repository 'c:/ZYBO/Work-2018.2/vivado-library-2018.2-1'.
INFO: [IP_Flow 19-2313] Loaded Vivado IP repository 'D:/Xilinx/Vivado/2018.2/data/ip'.
add_files: Time (s): cpu = 00:00:09 ; elapsed = 00:00:15 . Memory (MB): peak = 326.590 ; gain = 85.758
Command: synth_design -top design_1_wrapper -part xc7z010clg400-1
Starting synth_design
Attempting to get a license for feature 'Synthesis' and/or device 'xc7z010'
INFO: [Common 17-349] Got license for feature 'Synthesis' and/or device 'xc7z010'
INFO: Launching helper process for spawning children vivado processes
INFO: Helper process launched with PID 17180 
---------------------------------------------------------------------------------
Starting RTL Elaboration : Time (s): cpu = 00:00:02 ; elapsed = 00:00:05 . Memory (MB): peak = 438.848 ; gain = 103.039
---------------------------------------------------------------------------------
INFO: [Synth 8-638] synthesizing module 'design_1_wrapper' [C:/ZYBO/Work-2018.2/APP6-GE/S4e-APP6-Vivado_Etudiant/APP6/APP6.srcs/sources_1/bd/design_1/hdl/design_1_wrapper.vhd:30]
INFO: [Synth 8-3491] module 'IOBUF' declared at 'D:/Xilinx/Vivado/2018.2/scripts/rt/data/unisim_comp.v:22660' bound to instance 'GPIO_0_tri_iobuf_0' of component 'IOBUF' [C:/ZYBO/Work-2018.2/APP6-GE/S4e-APP6-Vivado_Etudiant/APP6/APP6.srcs/sources_1/bd/design_1/hdl/design_1_wrapper.vhd:94]
INFO: [Synth 8-6157] synthesizing module 'IOBUF' [D:/Xilinx/Vivado/2018.2/scripts/rt/data/unisim_comp.v:22660]
	Parameter DRIVE bound to: 12 - type: integer 
	Parameter IBUF_LOW_PWR bound to: TRUE - type: string 
	Parameter IOSTANDARD bound to: DEFAULT - type: string 
	Parameter SLEW bound to: SLOW - type: string 
INFO: [Synth 8-6155] done synthesizing module 'IOBUF' (1#1) [D:/Xilinx/Vivado/2018.2/scripts/rt/data/unisim_comp.v:22660]
INFO: [Synth 8-3491] module 'IOBUF' declared at 'D:/Xilinx/Vivado/2018.2/scripts/rt/data/unisim_comp.v:22660' bound to instance 'GPIO_0_tri_iobuf_1' of component 'IOBUF' [C:/ZYBO/Work-2018.2/APP6-GE/S4e-APP6-Vivado_Etudiant/APP6/APP6.srcs/sources_1/bd/design_1/hdl/design_1_wrapper.vhd:101]
INFO: [Synth 8-3491] module 'IOBUF' declared at 'D:/Xilinx/Vivado/2018.2/scripts/rt/data/unisim_comp.v:22660' bound to instance 'GPIO_0_tri_iobuf_2' of component 'IOBUF' [C:/ZYBO/Work-2018.2/APP6-GE/S4e-APP6-Vivado_Etudiant/APP6/APP6.srcs/sources_1/bd/design_1/hdl/design_1_wrapper.vhd:108]
INFO: [Synth 8-3491] module 'IOBUF' declared at 'D:/Xilinx/Vivado/2018.2/scripts/rt/data/unisim_comp.v:22660' bound to instance 'GPIO_0_tri_iobuf_3' of component 'IOBUF' [C:/ZYBO/Work-2018.2/APP6-GE/S4e-APP6-Vivado_Etudiant/APP6/APP6.srcs/sources_1/bd/design_1/hdl/design_1_wrapper.vhd:115]
INFO: [Synth 8-3491] module 'IOBUF' declared at 'D:/Xilinx/Vivado/2018.2/scripts/rt/data/unisim_comp.v:22660' bound to instance 'Pmod_NIC100_io0_iobuf' of component 'IOBUF' [C:/ZYBO/Work-2018.2/APP6-GE/S4e-APP6-Vivado_Etudiant/APP6/APP6.srcs/sources_1/bd/design_1/hdl/design_1_wrapper.vhd:122]
INFO: [Synth 8-3491] module 'IOBUF' declared at 'D:/Xilinx/Vivado/2018.2/scripts/rt/data/unisim_comp.v:22660' bound to instance 'Pmod_NIC100_io1_iobuf' of component 'IOBUF' [C:/ZYBO/Work-2018.2/APP6-GE/S4e-APP6-Vivado_Etudiant/APP6/APP6.srcs/sources_1/bd/design_1/hdl/design_1_wrapper.vhd:129]
INFO: [Synth 8-3491] module 'IOBUF' declared at 'D:/Xilinx/Vivado/2018.2/scripts/rt/data/unisim_comp.v:22660' bound to instance 'Pmod_NIC100_sck_iobuf' of component 'IOBUF' [C:/ZYBO/Work-2018.2/APP6-GE/S4e-APP6-Vivado_Etudiant/APP6/APP6.srcs/sources_1/bd/design_1/hdl/design_1_wrapper.vhd:136]
INFO: [Synth 8-3491] module 'IOBUF' declared at 'D:/Xilinx/Vivado/2018.2/scripts/rt/data/unisim_comp.v:22660' bound to instance 'Pmod_NIC100_ss_iobuf_0' of component 'IOBUF' [C:/ZYBO/Work-2018.2/APP6-GE/S4e-APP6-Vivado_Etudiant/APP6/APP6.srcs/sources_1/bd/design_1/hdl/design_1_wrapper.vhd:143]
INFO: [Synth 8-3491] module 'design_1' declared at 'C:/ZYBO/Work-2018.2/APP6-GE/S4e-APP6-Vivado_Etudiant/APP6/APP6.srcs/sources_1/bd/design_1/synth/design_1.vhd:2887' bound to instance 'design_1_i' of component 'design_1' [C:/ZYBO/Work-2018.2/APP6-GE/S4e-APP6-Vivado_Etudiant/APP6/APP6.srcs/sources_1/bd/design_1/hdl/design_1_wrapper.vhd:150]
INFO: [Synth 8-638] synthesizing module 'design_1' [C:/ZYBO/Work-2018.2/APP6-GE/S4e-APP6-Vivado_Etudiant/APP6/APP6.srcs/sources_1/bd/design_1/synth/design_1.vhd:2917]
INFO: [Synth 8-638] synthesizing module 'Calcul_Moyenne_imp_64YLTW' [C:/ZYBO/Work-2018.2/APP6-GE/S4e-APP6-Vivado_Etudiant/APP6/APP6.srcs/sources_1/bd/design_1/synth/design_1.vhd:59]
INFO: [Synth 8-3491] module 'design_1_axi_intc_0_0' declared at 'C:/ZYBO/Work-2018.2/APP6-GE/S4e-APP6-Vivado_Etudiant/APP6/APP6.runs/synth_1/.Xil/Vivado-12532-Larissa/realtime/design_1_axi_intc_0_0_stub.vhdl:5' bound to instance 'axi_intc_0' of component 'design_1_axi_intc_0_0' [C:/ZYBO/Work-2018.2/APP6-GE/S4e-APP6-Vivado_Etudiant/APP6/APP6.srcs/sources_1/bd/design_1/synth/design_1.vhd:205]
INFO: [Synth 8-638] synthesizing module 'design_1_axi_intc_0_0' [C:/ZYBO/Work-2018.2/APP6-GE/S4e-APP6-Vivado_Etudiant/APP6/APP6.runs/synth_1/.Xil/Vivado-12532-Larissa/realtime/design_1_axi_intc_0_0_stub.vhdl:32]
INFO: [Synth 8-3491] module 'design_1_myip_0_0' declared at 'C:/ZYBO/Work-2018.2/APP6-GE/S4e-APP6-Vivado_Etudiant/APP6/APP6.runs/synth_1/.Xil/Vivado-12532-Larissa/realtime/design_1_myip_0_0_stub.vhdl:5' bound to instance 'myip_0' of component 'design_1_myip_0_0' [C:/ZYBO/Work-2018.2/APP6-GE/S4e-APP6-Vivado_Etudiant/APP6/APP6.srcs/sources_1/bd/design_1/synth/design_1.vhd:229]
INFO: [Synth 8-638] synthesizing module 'design_1_myip_0_0' [C:/ZYBO/Work-2018.2/APP6-GE/S4e-APP6-Vivado_Etudiant/APP6/APP6.runs/synth_1/.Xil/Vivado-12532-Larissa/realtime/design_1_myip_0_0_stub.vhdl:36]
INFO: [Synth 8-3491] module 'design_1_xlconcat_0_1' declared at 'C:/ZYBO/Work-2018.2/APP6-GE/S4e-APP6-Vivado_Etudiant/APP6/APP6.runs/synth_1/.Xil/Vivado-12532-Larissa/realtime/design_1_xlconcat_0_1_stub.vhdl:5' bound to instance 'xlconcat_0' of component 'design_1_xlconcat_0_1' [C:/ZYBO/Work-2018.2/APP6-GE/S4e-APP6-Vivado_Etudiant/APP6/APP6.srcs/sources_1/bd/design_1/synth/design_1.vhd:257]
INFO: [Synth 8-638] synthesizing module 'design_1_xlconcat_0_1' [C:/ZYBO/Work-2018.2/APP6-GE/S4e-APP6-Vivado_Etudiant/APP6/APP6.runs/synth_1/.Xil/Vivado-12532-Larissa/realtime/design_1_xlconcat_0_1_stub.vhdl:14]
INFO: [Synth 8-256] done synthesizing module 'Calcul_Moyenne_imp_64YLTW' (2#1) [C:/ZYBO/Work-2018.2/APP6-GE/S4e-APP6-Vivado_Etudiant/APP6/APP6.srcs/sources_1/bd/design_1/synth/design_1.vhd:59]
INFO: [Synth 8-3491] module 'design_1_axi_gpio_0_0' declared at 'C:/ZYBO/Work-2018.2/APP6-GE/S4e-APP6-Vivado_Etudiant/APP6/APP6.runs/synth_1/.Xil/Vivado-12532-Larissa/realtime/design_1_axi_gpio_0_0_stub.vhdl:5' bound to instance 'axi_gpio_0' of component 'design_1_axi_gpio_0_0' [C:/ZYBO/Work-2018.2/APP6-GE/S4e-APP6-Vivado_Etudiant/APP6/APP6.srcs/sources_1/bd/design_1/synth/design_1.vhd:3403]
INFO: [Synth 8-638] synthesizing module 'design_1_axi_gpio_0_0' [C:/ZYBO/Work-2018.2/APP6-GE/S4e-APP6-Vivado_Etudiant/APP6/APP6.runs/synth_1/.Xil/Vivado-12532-Larissa/realtime/design_1_axi_gpio_0_0_stub.vhdl:36]
INFO: [Synth 8-3491] module 'design_1_axi_quad_spi_0_1' declared at 'C:/ZYBO/Work-2018.2/APP6-GE/S4e-APP6-Vivado_Etudiant/APP6/APP6.runs/synth_1/.Xil/Vivado-12532-Larissa/realtime/design_1_axi_quad_spi_0_1_stub.vhdl:5' bound to instance 'axi_quad_spi_0' of component 'design_1_axi_quad_spi_0_1' [C:/ZYBO/Work-2018.2/APP6-GE/S4e-APP6-Vivado_Etudiant/APP6/APP6.srcs/sources_1/bd/design_1/synth/design_1.vhd:3431]
INFO: [Synth 8-638] synthesizing module 'design_1_axi_quad_spi_0_1' [C:/ZYBO/Work-2018.2/APP6-GE/S4e-APP6-Vivado_Etudiant/APP6/APP6.runs/synth_1/.Xil/Vivado-12532-Larissa/realtime/design_1_axi_quad_spi_0_1_stub.vhdl:58]
INFO: [Synth 8-3491] module 'design_1_axi_uartlite_0_0' declared at 'C:/ZYBO/Work-2018.2/APP6-GE/S4e-APP6-Vivado_Etudiant/APP6/APP6.runs/synth_1/.Xil/Vivado-12532-Larissa/realtime/design_1_axi_uartlite_0_0_stub.vhdl:5' bound to instance 'axi_uartlite_0' of component 'design_1_axi_uartlite_0_0' [C:/ZYBO/Work-2018.2/APP6-GE/S4e-APP6-Vivado_Etudiant/APP6/APP6.srcs/sources_1/bd/design_1/synth/design_1.vhd:3481]
INFO: [Synth 8-638] synthesizing module 'design_1_axi_uartlite_0_0' [C:/ZYBO/Work-2018.2/APP6-GE/S4e-APP6-Vivado_Etudiant/APP6/APP6.runs/synth_1/.Xil/Vivado-12532-Larissa/realtime/design_1_axi_uartlite_0_0_stub.vhdl:33]
INFO: [Synth 8-3491] module 'design_1_clk_wiz_1_0' declared at 'C:/ZYBO/Work-2018.2/APP6-GE/S4e-APP6-Vivado_Etudiant/APP6/APP6.runs/synth_1/.Xil/Vivado-12532-Larissa/realtime/design_1_clk_wiz_1_0_stub.vhdl:5' bound to instance 'clk_wiz_1' of component 'design_1_clk_wiz_1_0' [C:/ZYBO/Work-2018.2/APP6-GE/S4e-APP6-Vivado_Etudiant/APP6/APP6.srcs/sources_1/bd/design_1/synth/design_1.vhd:3506]
INFO: [Synth 8-638] synthesizing module 'design_1_clk_wiz_1_0' [C:/ZYBO/Work-2018.2/APP6-GE/S4e-APP6-Vivado_Etudiant/APP6/APP6.runs/synth_1/.Xil/Vivado-12532-Larissa/realtime/design_1_clk_wiz_1_0_stub.vhdl:16]
INFO: [Synth 8-3491] module 'design_1_mdm_1_0' declared at 'C:/ZYBO/Work-2018.2/APP6-GE/S4e-APP6-Vivado_Etudiant/APP6/APP6.runs/synth_1/.Xil/Vivado-12532-Larissa/realtime/design_1_mdm_1_0_stub.vhdl:5' bound to instance 'mdm_1' of component 'design_1_mdm_1_0' [C:/ZYBO/Work-2018.2/APP6-GE/S4e-APP6-Vivado_Etudiant/APP6/APP6.srcs/sources_1/bd/design_1/synth/design_1.vhd:3514]
INFO: [Synth 8-638] synthesizing module 'design_1_mdm_1_0' [C:/ZYBO/Work-2018.2/APP6-GE/S4e-APP6-Vivado_Etudiant/APP6/APP6.runs/synth_1/.Xil/Vivado-12532-Larissa/realtime/design_1_mdm_1_0_stub.vhdl:21]
INFO: [Synth 8-3491] module 'design_1_microblaze_0_0' declared at 'C:/ZYBO/Work-2018.2/APP6-GE/S4e-APP6-Vivado_Etudiant/APP6/APP6.runs/synth_1/.Xil/Vivado-12532-Larissa/realtime/design_1_microblaze_0_0_stub.vhdl:5' bound to instance 'microblaze_0' of component 'design_1_microblaze_0_0' [C:/ZYBO/Work-2018.2/APP6-GE/S4e-APP6-Vivado_Etudiant/APP6/APP6.srcs/sources_1/bd/design_1/synth/design_1.vhd:3527]
INFO: [Synth 8-638] synthesizing module 'design_1_microblaze_0_0' [C:/ZYBO/Work-2018.2/APP6-GE/S4e-APP6-Vivado_Etudiant/APP6/APP6.runs/synth_1/.Xil/Vivado-12532-Larissa/realtime/design_1_microblaze_0_0_stub.vhdl:63]
INFO: [Synth 8-638] synthesizing module 'design_1_microblaze_0_axi_periph_0' [C:/ZYBO/Work-2018.2/APP6-GE/S4e-APP6-Vivado_Etudiant/APP6/APP6.srcs/sources_1/bd/design_1/synth/design_1.vhd:1915]
INFO: [Synth 8-638] synthesizing module 'm00_couplers_imp_8RVYHO' [C:/ZYBO/Work-2018.2/APP6-GE/S4e-APP6-Vivado_Etudiant/APP6/APP6.srcs/sources_1/bd/design_1/synth/design_1.vhd:315]
INFO: [Synth 8-256] done synthesizing module 'm00_couplers_imp_8RVYHO' (3#1) [C:/ZYBO/Work-2018.2/APP6-GE/S4e-APP6-Vivado_Etudiant/APP6/APP6.srcs/sources_1/bd/design_1/synth/design_1.vhd:315]
INFO: [Synth 8-638] synthesizing module 'm01_couplers_imp_1UTB3Y5' [C:/ZYBO/Work-2018.2/APP6-GE/S4e-APP6-Vivado_Etudiant/APP6/APP6.srcs/sources_1/bd/design_1/synth/design_1.vhd:422]
INFO: [Synth 8-256] done synthesizing module 'm01_couplers_imp_1UTB3Y5' (4#1) [C:/ZYBO/Work-2018.2/APP6-GE/S4e-APP6-Vivado_Etudiant/APP6/APP6.srcs/sources_1/bd/design_1/synth/design_1.vhd:422]
INFO: [Synth 8-638] synthesizing module 'm02_couplers_imp_7ANRHB' [C:/ZYBO/Work-2018.2/APP6-GE/S4e-APP6-Vivado_Etudiant/APP6/APP6.srcs/sources_1/bd/design_1/synth/design_1.vhd:523]
INFO: [Synth 8-256] done synthesizing module 'm02_couplers_imp_7ANRHB' (5#1) [C:/ZYBO/Work-2018.2/APP6-GE/S4e-APP6-Vivado_Etudiant/APP6/APP6.srcs/sources_1/bd/design_1/synth/design_1.vhd:523]
INFO: [Synth 8-638] synthesizing module 'm03_couplers_imp_1W07O72' [C:/ZYBO/Work-2018.2/APP6-GE/S4e-APP6-Vivado_Etudiant/APP6/APP6.srcs/sources_1/bd/design_1/synth/design_1.vhd:624]
INFO: [Synth 8-256] done synthesizing module 'm03_couplers_imp_1W07O72' (6#1) [C:/ZYBO/Work-2018.2/APP6-GE/S4e-APP6-Vivado_Etudiant/APP6/APP6.srcs/sources_1/bd/design_1/synth/design_1.vhd:624]
INFO: [Synth 8-638] synthesizing module 'm04_couplers_imp_5LX7BU' [C:/ZYBO/Work-2018.2/APP6-GE/S4e-APP6-Vivado_Etudiant/APP6/APP6.srcs/sources_1/bd/design_1/synth/design_1.vhd:741]
INFO: [Synth 8-3491] module 'design_1_auto_pc_0' declared at 'C:/ZYBO/Work-2018.2/APP6-GE/S4e-APP6-Vivado_Etudiant/APP6/APP6.runs/synth_1/.Xil/Vivado-12532-Larissa/realtime/design_1_auto_pc_0_stub.vhdl:5' bound to instance 'auto_pc' of component 'design_1_auto_pc_0' [C:/ZYBO/Work-2018.2/APP6-GE/S4e-APP6-Vivado_Etudiant/APP6/APP6.srcs/sources_1/bd/design_1/synth/design_1.vhd:911]
INFO: [Synth 8-638] synthesizing module 'design_1_auto_pc_0' [C:/ZYBO/Work-2018.2/APP6-GE/S4e-APP6-Vivado_Etudiant/APP6/APP6.runs/synth_1/.Xil/Vivado-12532-Larissa/realtime/design_1_auto_pc_0_stub.vhdl:67]
INFO: [Synth 8-256] done synthesizing module 'm04_couplers_imp_5LX7BU' (7#1) [C:/ZYBO/Work-2018.2/APP6-GE/S4e-APP6-Vivado_Etudiant/APP6/APP6.srcs/sources_1/bd/design_1/synth/design_1.vhd:741]
INFO: [Synth 8-638] synthesizing module 'm05_couplers_imp_1XR4ZAZ' [C:/ZYBO/Work-2018.2/APP6-GE/S4e-APP6-Vivado_Etudiant/APP6/APP6.srcs/sources_1/bd/design_1/synth/design_1.vhd:1022]
INFO: [Synth 8-256] done synthesizing module 'm05_couplers_imp_1XR4ZAZ' (8#1) [C:/ZYBO/Work-2018.2/APP6-GE/S4e-APP6-Vivado_Etudiant/APP6/APP6.srcs/sources_1/bd/design_1/synth/design_1.vhd:1022]
INFO: [Synth 8-638] synthesizing module 's00_couplers_imp_1RZP34U' [C:/ZYBO/Work-2018.2/APP6-GE/S4e-APP6-Vivado_Etudiant/APP6/APP6.srcs/sources_1/bd/design_1/synth/design_1.vhd:1691]
INFO: [Synth 8-256] done synthesizing module 's00_couplers_imp_1RZP34U' (9#1) [C:/ZYBO/Work-2018.2/APP6-GE/S4e-APP6-Vivado_Etudiant/APP6/APP6.srcs/sources_1/bd/design_1/synth/design_1.vhd:1691]
INFO: [Synth 8-3491] module 'design_1_xbar_0' declared at 'C:/ZYBO/Work-2018.2/APP6-GE/S4e-APP6-Vivado_Etudiant/APP6/APP6.runs/synth_1/.Xil/Vivado-12532-Larissa/realtime/design_1_xbar_0_stub.vhdl:5' bound to instance 'xbar' of component 'design_1_xbar_0' [C:/ZYBO/Work-2018.2/APP6-GE/S4e-APP6-Vivado_Etudiant/APP6/APP6.srcs/sources_1/bd/design_1/synth/design_1.vhd:2715]
INFO: [Synth 8-638] synthesizing module 'design_1_xbar_0' [C:/ZYBO/Work-2018.2/APP6-GE/S4e-APP6-Vivado_Etudiant/APP6/APP6.runs/synth_1/.Xil/Vivado-12532-Larissa/realtime/design_1_xbar_0_stub.vhdl:51]
INFO: [Synth 8-256] done synthesizing module 'design_1_microblaze_0_axi_periph_0' (10#1) [C:/ZYBO/Work-2018.2/APP6-GE/S4e-APP6-Vivado_Etudiant/APP6/APP6.srcs/sources_1/bd/design_1/synth/design_1.vhd:1915]
INFO: [Synth 8-638] synthesizing module 'microblaze_0_local_memory_imp_1K0VQXK' [C:/ZYBO/Work-2018.2/APP6-GE/S4e-APP6-Vivado_Etudiant/APP6/APP6.srcs/sources_1/bd/design_1/synth/design_1.vhd:1112]
INFO: [Synth 8-3491] module 'design_1_dlmb_bram_if_cntlr_0' declared at 'C:/ZYBO/Work-2018.2/APP6-GE/S4e-APP6-Vivado_Etudiant/APP6/APP6.runs/synth_1/.Xil/Vivado-12532-Larissa/realtime/design_1_dlmb_bram_if_cntlr_0_stub.vhdl:5' bound to instance 'dlmb_bram_if_cntlr' of component 'design_1_dlmb_bram_if_cntlr_0' [C:/ZYBO/Work-2018.2/APP6-GE/S4e-APP6-Vivado_Etudiant/APP6/APP6.srcs/sources_1/bd/design_1/synth/design_1.vhd:1326]
INFO: [Synth 8-638] synthesizing module 'design_1_dlmb_bram_if_cntlr_0' [C:/ZYBO/Work-2018.2/APP6-GE/S4e-APP6-Vivado_Etudiant/APP6/APP6.runs/synth_1/.Xil/Vivado-12532-Larissa/realtime/design_1_dlmb_bram_if_cntlr_0_stub.vhdl:31]
INFO: [Synth 8-3491] module 'design_1_dlmb_v10_0' declared at 'C:/ZYBO/Work-2018.2/APP6-GE/S4e-APP6-Vivado_Etudiant/APP6/APP6.runs/synth_1/.Xil/Vivado-12532-Larissa/realtime/design_1_dlmb_v10_0_stub.vhdl:5' bound to instance 'dlmb_v10' of component 'design_1_dlmb_v10_0' [C:/ZYBO/Work-2018.2/APP6-GE/S4e-APP6-Vivado_Etudiant/APP6/APP6.srcs/sources_1/bd/design_1/synth/design_1.vhd:1380]
INFO: [Synth 8-638] synthesizing module 'design_1_dlmb_v10_0' [C:/ZYBO/Work-2018.2/APP6-GE/S4e-APP6-Vivado_Etudiant/APP6/APP6.runs/synth_1/.Xil/Vivado-12532-Larissa/realtime/design_1_dlmb_v10_0_stub.vhdl:36]
INFO: [Synth 8-3491] module 'design_1_ilmb_bram_if_cntlr_0' declared at 'C:/ZYBO/Work-2018.2/APP6-GE/S4e-APP6-Vivado_Etudiant/APP6/APP6.runs/synth_1/.Xil/Vivado-12532-Larissa/realtime/design_1_ilmb_bram_if_cntlr_0_stub.vhdl:5' bound to instance 'ilmb_bram_if_cntlr' of component 'design_1_ilmb_bram_if_cntlr_0' [C:/ZYBO/Work-2018.2/APP6-GE/S4e-APP6-Vivado_Etudiant/APP6/APP6.srcs/sources_1/bd/design_1/synth/design_1.vhd:1408]
INFO: [Synth 8-638] synthesizing module 'design_1_ilmb_bram_if_cntlr_0' [C:/ZYBO/Work-2018.2/APP6-GE/S4e-APP6-Vivado_Etudiant/APP6/APP6.runs/synth_1/.Xil/Vivado-12532-Larissa/realtime/design_1_ilmb_bram_if_cntlr_0_stub.vhdl:31]
INFO: [Synth 8-3491] module 'design_1_ilmb_v10_0' declared at 'C:/ZYBO/Work-2018.2/APP6-GE/S4e-APP6-Vivado_Etudiant/APP6/APP6.runs/synth_1/.Xil/Vivado-12532-Larissa/realtime/design_1_ilmb_v10_0_stub.vhdl:5' bound to instance 'ilmb_v10' of component 'design_1_ilmb_v10_0' [C:/ZYBO/Work-2018.2/APP6-GE/S4e-APP6-Vivado_Etudiant/APP6/APP6.srcs/sources_1/bd/design_1/synth/design_1.vhd:1462]
INFO: [Synth 8-638] synthesizing module 'design_1_ilmb_v10_0' [C:/ZYBO/Work-2018.2/APP6-GE/S4e-APP6-Vivado_Etudiant/APP6/APP6.runs/synth_1/.Xil/Vivado-12532-Larissa/realtime/design_1_ilmb_v10_0_stub.vhdl:36]
INFO: [Synth 8-3491] module 'design_1_lmb_bram_0' declared at 'C:/ZYBO/Work-2018.2/APP6-GE/S4e-APP6-Vivado_Etudiant/APP6/APP6.runs/synth_1/.Xil/Vivado-12532-Larissa/realtime/design_1_lmb_bram_0_stub.vhdl:5' bound to instance 'lmb_bram' of component 'design_1_lmb_bram_0' [C:/ZYBO/Work-2018.2/APP6-GE/S4e-APP6-Vivado_Etudiant/APP6/APP6.srcs/sources_1/bd/design_1/synth/design_1.vhd:1490]
INFO: [Synth 8-638] synthesizing module 'design_1_lmb_bram_0' [C:/ZYBO/Work-2018.2/APP6-GE/S4e-APP6-Vivado_Etudiant/APP6/APP6.runs/synth_1/.Xil/Vivado-12532-Larissa/realtime/design_1_lmb_bram_0_stub.vhdl:27]
INFO: [Synth 8-256] done synthesizing module 'microblaze_0_local_memory_imp_1K0VQXK' (11#1) [C:/ZYBO/Work-2018.2/APP6-GE/S4e-APP6-Vivado_Etudiant/APP6/APP6.srcs/sources_1/bd/design_1/synth/design_1.vhd:1112]
INFO: [Synth 8-3491] module 'design_1_rst_clk_wiz_1_100M_0' declared at 'C:/ZYBO/Work-2018.2/APP6-GE/S4e-APP6-Vivado_Etudiant/APP6/APP6.runs/synth_1/.Xil/Vivado-12532-Larissa/realtime/design_1_rst_clk_wiz_1_100M_0_stub.vhdl:5' bound to instance 'rst_clk_wiz_1_100M' of component 'design_1_rst_clk_wiz_1_100M_0' [C:/ZYBO/Work-2018.2/APP6-GE/S4e-APP6-Vivado_Etudiant/APP6/APP6.srcs/sources_1/bd/design_1/synth/design_1.vhd:3764]
INFO: [Synth 8-638] synthesizing module 'design_1_rst_clk_wiz_1_100M_0' [C:/ZYBO/Work-2018.2/APP6-GE/S4e-APP6-Vivado_Etudiant/APP6/APP6.runs/synth_1/.Xil/Vivado-12532-Larissa/realtime/design_1_rst_clk_wiz_1_100M_0_stub.vhdl:21]
INFO: [Synth 8-256] done synthesizing module 'design_1' (12#1) [C:/ZYBO/Work-2018.2/APP6-GE/S4e-APP6-Vivado_Etudiant/APP6/APP6.srcs/sources_1/bd/design_1/synth/design_1.vhd:2917]
INFO: [Synth 8-256] done synthesizing module 'design_1_wrapper' (13#1) [C:/ZYBO/Work-2018.2/APP6-GE/S4e-APP6-Vivado_Etudiant/APP6/APP6.srcs/sources_1/bd/design_1/hdl/design_1_wrapper.vhd:30]
WARNING: [Synth 8-3331] design s00_couplers_imp_1RZP34U has unconnected port M_ACLK
WARNING: [Synth 8-3331] design s00_couplers_imp_1RZP34U has unconnected port M_ARESETN
WARNING: [Synth 8-3331] design s00_couplers_imp_1RZP34U has unconnected port S_ACLK
WARNING: [Synth 8-3331] design s00_couplers_imp_1RZP34U has unconnected port S_ARESETN
WARNING: [Synth 8-3331] design m05_couplers_imp_1XR4ZAZ has unconnected port M_ACLK
WARNING: [Synth 8-3331] design m05_couplers_imp_1XR4ZAZ has unconnected port M_ARESETN
WARNING: [Synth 8-3331] design m05_couplers_imp_1XR4ZAZ has unconnected port S_ACLK
WARNING: [Synth 8-3331] design m05_couplers_imp_1XR4ZAZ has unconnected port S_ARESETN
WARNING: [Synth 8-3331] design m04_couplers_imp_5LX7BU has unconnected port M_ACLK
WARNING: [Synth 8-3331] design m04_couplers_imp_5LX7BU has unconnected port M_ARESETN
WARNING: [Synth 8-3331] design m04_couplers_imp_5LX7BU has unconnected port S_AXI_araddr[31]
WARNING: [Synth 8-3331] design m04_couplers_imp_5LX7BU has unconnected port S_AXI_araddr[30]
WARNING: [Synth 8-3331] design m04_couplers_imp_5LX7BU has unconnected port S_AXI_araddr[29]
WARNING: [Synth 8-3331] design m04_couplers_imp_5LX7BU has unconnected port S_AXI_araddr[28]
WARNING: [Synth 8-3331] design m04_couplers_imp_5LX7BU has unconnected port S_AXI_araddr[27]
WARNING: [Synth 8-3331] design m04_couplers_imp_5LX7BU has unconnected port S_AXI_araddr[26]
WARNING: [Synth 8-3331] design m04_couplers_imp_5LX7BU has unconnected port S_AXI_araddr[25]
WARNING: [Synth 8-3331] design m04_couplers_imp_5LX7BU has unconnected port S_AXI_araddr[24]
WARNING: [Synth 8-3331] design m04_couplers_imp_5LX7BU has unconnected port S_AXI_awaddr[31]
WARNING: [Synth 8-3331] design m04_couplers_imp_5LX7BU has unconnected port S_AXI_awaddr[30]
WARNING: [Synth 8-3331] design m04_couplers_imp_5LX7BU has unconnected port S_AXI_awaddr[29]
WARNING: [Synth 8-3331] design m04_couplers_imp_5LX7BU has unconnected port S_AXI_awaddr[28]
WARNING: [Synth 8-3331] design m04_couplers_imp_5LX7BU has unconnected port S_AXI_awaddr[27]
WARNING: [Synth 8-3331] design m04_couplers_imp_5LX7BU has unconnected port S_AXI_awaddr[26]
WARNING: [Synth 8-3331] design m04_couplers_imp_5LX7BU has unconnected port S_AXI_awaddr[25]
WARNING: [Synth 8-3331] design m04_couplers_imp_5LX7BU has unconnected port S_AXI_awaddr[24]
WARNING: [Synth 8-3331] design m03_couplers_imp_1W07O72 has unconnected port M_ACLK
WARNING: [Synth 8-3331] design m03_couplers_imp_1W07O72 has unconnected port M_ARESETN
WARNING: [Synth 8-3331] design m03_couplers_imp_1W07O72 has unconnected port S_ACLK
WARNING: [Synth 8-3331] design m03_couplers_imp_1W07O72 has unconnected port S_ARESETN
WARNING: [Synth 8-3331] design m02_couplers_imp_7ANRHB has unconnected port M_ACLK
WARNING: [Synth 8-3331] design m02_couplers_imp_7ANRHB has unconnected port M_ARESETN
WARNING: [Synth 8-3331] design m02_couplers_imp_7ANRHB has unconnected port S_ACLK
WARNING: [Synth 8-3331] design m02_couplers_imp_7ANRHB has unconnected port S_ARESETN
WARNING: [Synth 8-3331] design m01_couplers_imp_1UTB3Y5 has unconnected port M_ACLK
WARNING: [Synth 8-3331] design m01_couplers_imp_1UTB3Y5 has unconnected port M_ARESETN
WARNING: [Synth 8-3331] design m01_couplers_imp_1UTB3Y5 has unconnected port S_ACLK
WARNING: [Synth 8-3331] design m01_couplers_imp_1UTB3Y5 has unconnected port S_ARESETN
WARNING: [Synth 8-3331] design m00_couplers_imp_8RVYHO has unconnected port M_ACLK
WARNING: [Synth 8-3331] design m00_couplers_imp_8RVYHO has unconnected port M_ARESETN
WARNING: [Synth 8-3331] design m00_couplers_imp_8RVYHO has unconnected port S_ACLK
WARNING: [Synth 8-3331] design m00_couplers_imp_8RVYHO has unconnected port S_ARESETN
WARNING: [Synth 8-3331] design Calcul_Moyenne_imp_64YLTW has unconnected port S00_AXI_araddr[31]
WARNING: [Synth 8-3331] design Calcul_Moyenne_imp_64YLTW has unconnected port S00_AXI_araddr[30]
WARNING: [Synth 8-3331] design Calcul_Moyenne_imp_64YLTW has unconnected port S00_AXI_araddr[29]
WARNING: [Synth 8-3331] design Calcul_Moyenne_imp_64YLTW has unconnected port S00_AXI_araddr[28]
WARNING: [Synth 8-3331] design Calcul_Moyenne_imp_64YLTW has unconnected port S00_AXI_araddr[27]
WARNING: [Synth 8-3331] design Calcul_Moyenne_imp_64YLTW has unconnected port S00_AXI_araddr[26]
WARNING: [Synth 8-3331] design Calcul_Moyenne_imp_64YLTW has unconnected port S00_AXI_araddr[25]
WARNING: [Synth 8-3331] design Calcul_Moyenne_imp_64YLTW has unconnected port S00_AXI_araddr[24]
WARNING: [Synth 8-3331] design Calcul_Moyenne_imp_64YLTW has unconnected port S00_AXI_araddr[23]
WARNING: [Synth 8-3331] design Calcul_Moyenne_imp_64YLTW has unconnected port S00_AXI_araddr[22]
WARNING: [Synth 8-3331] design Calcul_Moyenne_imp_64YLTW has unconnected port S00_AXI_araddr[21]
WARNING: [Synth 8-3331] design Calcul_Moyenne_imp_64YLTW has unconnected port S00_AXI_araddr[20]
WARNING: [Synth 8-3331] design Calcul_Moyenne_imp_64YLTW has unconnected port S00_AXI_araddr[19]
WARNING: [Synth 8-3331] design Calcul_Moyenne_imp_64YLTW has unconnected port S00_AXI_araddr[18]
WARNING: [Synth 8-3331] design Calcul_Moyenne_imp_64YLTW has unconnected port S00_AXI_araddr[17]
WARNING: [Synth 8-3331] design Calcul_Moyenne_imp_64YLTW has unconnected port S00_AXI_araddr[16]
WARNING: [Synth 8-3331] design Calcul_Moyenne_imp_64YLTW has unconnected port S00_AXI_araddr[15]
WARNING: [Synth 8-3331] design Calcul_Moyenne_imp_64YLTW has unconnected port S00_AXI_araddr[14]
WARNING: [Synth 8-3331] design Calcul_Moyenne_imp_64YLTW has unconnected port S00_AXI_araddr[13]
WARNING: [Synth 8-3331] design Calcul_Moyenne_imp_64YLTW has unconnected port S00_AXI_araddr[12]
WARNING: [Synth 8-3331] design Calcul_Moyenne_imp_64YLTW has unconnected port S00_AXI_araddr[11]
WARNING: [Synth 8-3331] design Calcul_Moyenne_imp_64YLTW has unconnected port S00_AXI_araddr[10]
WARNING: [Synth 8-3331] design Calcul_Moyenne_imp_64YLTW has unconnected port S00_AXI_araddr[9]
WARNING: [Synth 8-3331] design Calcul_Moyenne_imp_64YLTW has unconnected port S00_AXI_araddr[8]
WARNING: [Synth 8-3331] design Calcul_Moyenne_imp_64YLTW has unconnected port S00_AXI_araddr[7]
WARNING: [Synth 8-3331] design Calcul_Moyenne_imp_64YLTW has unconnected port S00_AXI_araddr[6]
WARNING: [Synth 8-3331] design Calcul_Moyenne_imp_64YLTW has unconnected port S00_AXI_araddr[5]
WARNING: [Synth 8-3331] design Calcul_Moyenne_imp_64YLTW has unconnected port S00_AXI_araddr[4]
WARNING: [Synth 8-3331] design Calcul_Moyenne_imp_64YLTW has unconnected port S00_AXI_awaddr[31]
WARNING: [Synth 8-3331] design Calcul_Moyenne_imp_64YLTW has unconnected port S00_AXI_awaddr[30]
WARNING: [Synth 8-3331] design Calcul_Moyenne_imp_64YLTW has unconnected port S00_AXI_awaddr[29]
WARNING: [Synth 8-3331] design Calcul_Moyenne_imp_64YLTW has unconnected port S00_AXI_awaddr[28]
WARNING: [Synth 8-3331] design Calcul_Moyenne_imp_64YLTW has unconnected port S00_AXI_awaddr[27]
WARNING: [Synth 8-3331] design Calcul_Moyenne_imp_64YLTW has unconnected port S00_AXI_awaddr[26]
WARNING: [Synth 8-3331] design Calcul_Moyenne_imp_64YLTW has unconnected port S00_AXI_awaddr[25]
WARNING: [Synth 8-3331] design Calcul_Moyenne_imp_64YLTW has unconnected port S00_AXI_awaddr[24]
WARNING: [Synth 8-3331] design Calcul_Moyenne_imp_64YLTW has unconnected port S00_AXI_awaddr[23]
WARNING: [Synth 8-3331] design Calcul_Moyenne_imp_64YLTW has unconnected port S00_AXI_awaddr[22]
WARNING: [Synth 8-3331] design Calcul_Moyenne_imp_64YLTW has unconnected port S00_AXI_awaddr[21]
WARNING: [Synth 8-3331] design Calcul_Moyenne_imp_64YLTW has unconnected port S00_AXI_awaddr[20]
WARNING: [Synth 8-3331] design Calcul_Moyenne_imp_64YLTW has unconnected port S00_AXI_awaddr[19]
WARNING: [Synth 8-3331] design Calcul_Moyenne_imp_64YLTW has unconnected port S00_AXI_awaddr[18]
WARNING: [Synth 8-3331] design Calcul_Moyenne_imp_64YLTW has unconnected port S00_AXI_awaddr[17]
WARNING: [Synth 8-3331] design Calcul_Moyenne_imp_64YLTW has unconnected port S00_AXI_awaddr[16]
WARNING: [Synth 8-3331] design Calcul_Moyenne_imp_64YLTW has unconnected port S00_AXI_awaddr[15]
WARNING: [Synth 8-3331] design Calcul_Moyenne_imp_64YLTW has unconnected port S00_AXI_awaddr[14]
WARNING: [Synth 8-3331] design Calcul_Moyenne_imp_64YLTW has unconnected port S00_AXI_awaddr[13]
WARNING: [Synth 8-3331] design Calcul_Moyenne_imp_64YLTW has unconnected port S00_AXI_awaddr[12]
WARNING: [Synth 8-3331] design Calcul_Moyenne_imp_64YLTW has unconnected port S00_AXI_awaddr[11]
WARNING: [Synth 8-3331] design Calcul_Moyenne_imp_64YLTW has unconnected port S00_AXI_awaddr[10]
WARNING: [Synth 8-3331] design Calcul_Moyenne_imp_64YLTW has unconnected port S00_AXI_awaddr[9]
WARNING: [Synth 8-3331] design Calcul_Moyenne_imp_64YLTW has unconnected port S00_AXI_awaddr[8]
WARNING: [Synth 8-3331] design Calcul_Moyenne_imp_64YLTW has unconnected port S00_AXI_awaddr[7]
WARNING: [Synth 8-3331] design Calcul_Moyenne_imp_64YLTW has unconnected port S00_AXI_awaddr[6]
WARNING: [Synth 8-3331] design Calcul_Moyenne_imp_64YLTW has unconnected port S00_AXI_awaddr[5]
WARNING: [Synth 8-3331] design Calcul_Moyenne_imp_64YLTW has unconnected port S00_AXI_awaddr[4]
WARNING: [Synth 8-3331] design Calcul_Moyenne_imp_64YLTW has unconnected port s_axi_araddr[31]
WARNING: [Synth 8-3331] design Calcul_Moyenne_imp_64YLTW has unconnected port s_axi_araddr[30]
INFO: [Common 17-14] Message 'Synth 8-3331' appears 100 times and further instances of the messages will be disabled. Use the Tcl command set_msg_config to change the current settings.
---------------------------------------------------------------------------------
Finished RTL Elaboration : Time (s): cpu = 00:00:03 ; elapsed = 00:00:07 . Memory (MB): peak = 498.105 ; gain = 162.297
---------------------------------------------------------------------------------

Report Check Netlist: 
+------+------------------+-------+---------+-------+------------------+
|      |Item              |Errors |Warnings |Status |Description       |
+------+------------------+-------+---------+-------+------------------+
|1     |multi_driven_nets |      0|        0|Passed |Multi driven nets |
+------+------------------+-------+---------+-------+------------------+
---------------------------------------------------------------------------------
Start Handling Custom Attributes
---------------------------------------------------------------------------------
---------------------------------------------------------------------------------
Finished Handling Custom Attributes : Time (s): cpu = 00:00:04 ; elapsed = 00:00:07 . Memory (MB): peak = 498.105 ; gain = 162.297
---------------------------------------------------------------------------------
---------------------------------------------------------------------------------
Finished RTL Optimization Phase 1 : Time (s): cpu = 00:00:04 ; elapsed = 00:00:07 . Memory (MB): peak = 498.105 ; gain = 162.297
---------------------------------------------------------------------------------
INFO: [Netlist 29-17] Analyzing 8 Unisim elements for replacement
INFO: [Netlist 29-28] Unisim Transformation completed in 0 CPU seconds
INFO: [Device 21-403] Loading part xc7z010clg400-1
INFO: [Project 1-570] Preparing netlist for logic optimization

Processing XDC Constraints
Initializing timing engine
Parsing XDC File [c:/ZYBO/Work-2018.2/APP6-GE/S4e-APP6-Vivado_Etudiant/APP6/APP6.srcs/sources_1/bd/design_1/ip/design_1_microblaze_0_0/design_1_microblaze_0_0/design_1_microblaze_0_0_in_context.xdc] for cell 'design_1_i/microblaze_0'
Finished Parsing XDC File [c:/ZYBO/Work-2018.2/APP6-GE/S4e-APP6-Vivado_Etudiant/APP6/APP6.srcs/sources_1/bd/design_1/ip/design_1_microblaze_0_0/design_1_microblaze_0_0/design_1_microblaze_0_0_in_context.xdc] for cell 'design_1_i/microblaze_0'
Parsing XDC File [c:/ZYBO/Work-2018.2/APP6-GE/S4e-APP6-Vivado_Etudiant/APP6/APP6.srcs/sources_1/bd/design_1/ip/design_1_mdm_1_0/design_1_mdm_1_0/design_1_mdm_1_0_in_context.xdc] for cell 'design_1_i/mdm_1'
Finished Parsing XDC File [c:/ZYBO/Work-2018.2/APP6-GE/S4e-APP6-Vivado_Etudiant/APP6/APP6.srcs/sources_1/bd/design_1/ip/design_1_mdm_1_0/design_1_mdm_1_0/design_1_mdm_1_0_in_context.xdc] for cell 'design_1_i/mdm_1'
Parsing XDC File [c:/ZYBO/Work-2018.2/APP6-GE/S4e-APP6-Vivado_Etudiant/APP6/APP6.srcs/sources_1/bd/design_1/ip/design_1_clk_wiz_1_0/design_1_clk_wiz_1_0/design_1_clk_wiz_1_0_in_context.xdc] for cell 'design_1_i/clk_wiz_1'
Finished Parsing XDC File [c:/ZYBO/Work-2018.2/APP6-GE/S4e-APP6-Vivado_Etudiant/APP6/APP6.srcs/sources_1/bd/design_1/ip/design_1_clk_wiz_1_0/design_1_clk_wiz_1_0/design_1_clk_wiz_1_0_in_context.xdc] for cell 'design_1_i/clk_wiz_1'
Parsing XDC File [c:/ZYBO/Work-2018.2/APP6-GE/S4e-APP6-Vivado_Etudiant/APP6/APP6.srcs/sources_1/bd/design_1/ip/design_1_rst_clk_wiz_1_100M_0/design_1_rst_clk_wiz_1_100M_0/design_1_rst_clk_wiz_1_100M_0_in_context.xdc] for cell 'design_1_i/rst_clk_wiz_1_100M'
Finished Parsing XDC File [c:/ZYBO/Work-2018.2/APP6-GE/S4e-APP6-Vivado_Etudiant/APP6/APP6.srcs/sources_1/bd/design_1/ip/design_1_rst_clk_wiz_1_100M_0/design_1_rst_clk_wiz_1_100M_0/design_1_rst_clk_wiz_1_100M_0_in_context.xdc] for cell 'design_1_i/rst_clk_wiz_1_100M'
Parsing XDC File [c:/ZYBO/Work-2018.2/APP6-GE/S4e-APP6-Vivado_Etudiant/APP6/APP6.srcs/sources_1/bd/design_1/ip/design_1_dlmb_v10_0/design_1_dlmb_v10_0/design_1_dlmb_v10_0_in_context.xdc] for cell 'design_1_i/microblaze_0_local_memory/dlmb_v10'
Finished Parsing XDC File [c:/ZYBO/Work-2018.2/APP6-GE/S4e-APP6-Vivado_Etudiant/APP6/APP6.srcs/sources_1/bd/design_1/ip/design_1_dlmb_v10_0/design_1_dlmb_v10_0/design_1_dlmb_v10_0_in_context.xdc] for cell 'design_1_i/microblaze_0_local_memory/dlmb_v10'
Parsing XDC File [c:/ZYBO/Work-2018.2/APP6-GE/S4e-APP6-Vivado_Etudiant/APP6/APP6.srcs/sources_1/bd/design_1/ip/design_1_ilmb_v10_0/design_1_ilmb_v10_0/design_1_dlmb_v10_0_in_context.xdc] for cell 'design_1_i/microblaze_0_local_memory/ilmb_v10'
Finished Parsing XDC File [c:/ZYBO/Work-2018.2/APP6-GE/S4e-APP6-Vivado_Etudiant/APP6/APP6.srcs/sources_1/bd/design_1/ip/design_1_ilmb_v10_0/design_1_ilmb_v10_0/design_1_dlmb_v10_0_in_context.xdc] for cell 'design_1_i/microblaze_0_local_memory/ilmb_v10'
Parsing XDC File [c:/ZYBO/Work-2018.2/APP6-GE/S4e-APP6-Vivado_Etudiant/APP6/APP6.srcs/sources_1/bd/design_1/ip/design_1_dlmb_bram_if_cntlr_0/design_1_dlmb_bram_if_cntlr_0/design_1_dlmb_bram_if_cntlr_0_in_context.xdc] for cell 'design_1_i/microblaze_0_local_memory/dlmb_bram_if_cntlr'
Finished Parsing XDC File [c:/ZYBO/Work-2018.2/APP6-GE/S4e-APP6-Vivado_Etudiant/APP6/APP6.srcs/sources_1/bd/design_1/ip/design_1_dlmb_bram_if_cntlr_0/design_1_dlmb_bram_if_cntlr_0/design_1_dlmb_bram_if_cntlr_0_in_context.xdc] for cell 'design_1_i/microblaze_0_local_memory/dlmb_bram_if_cntlr'
Parsing XDC File [c:/ZYBO/Work-2018.2/APP6-GE/S4e-APP6-Vivado_Etudiant/APP6/APP6.srcs/sources_1/bd/design_1/ip/design_1_ilmb_bram_if_cntlr_0/design_1_ilmb_bram_if_cntlr_0/design_1_ilmb_bram_if_cntlr_0_in_context.xdc] for cell 'design_1_i/microblaze_0_local_memory/ilmb_bram_if_cntlr'
Finished Parsing XDC File [c:/ZYBO/Work-2018.2/APP6-GE/S4e-APP6-Vivado_Etudiant/APP6/APP6.srcs/sources_1/bd/design_1/ip/design_1_ilmb_bram_if_cntlr_0/design_1_ilmb_bram_if_cntlr_0/design_1_ilmb_bram_if_cntlr_0_in_context.xdc] for cell 'design_1_i/microblaze_0_local_memory/ilmb_bram_if_cntlr'
Parsing XDC File [c:/ZYBO/Work-2018.2/APP6-GE/S4e-APP6-Vivado_Etudiant/APP6/APP6.srcs/sources_1/bd/design_1/ip/design_1_lmb_bram_0/design_1_lmb_bram_0/design_1_lmb_bram_0_in_context.xdc] for cell 'design_1_i/microblaze_0_local_memory/lmb_bram'
Finished Parsing XDC File [c:/ZYBO/Work-2018.2/APP6-GE/S4e-APP6-Vivado_Etudiant/APP6/APP6.srcs/sources_1/bd/design_1/ip/design_1_lmb_bram_0/design_1_lmb_bram_0/design_1_lmb_bram_0_in_context.xdc] for cell 'design_1_i/microblaze_0_local_memory/lmb_bram'
Parsing XDC File [c:/ZYBO/Work-2018.2/APP6-GE/S4e-APP6-Vivado_Etudiant/APP6/APP6.srcs/sources_1/bd/design_1/ip/design_1_xbar_0/design_1_xbar_0/design_1_xbar_0_in_context.xdc] for cell 'design_1_i/microblaze_0_axi_periph/xbar'
Finished Parsing XDC File [c:/ZYBO/Work-2018.2/APP6-GE/S4e-APP6-Vivado_Etudiant/APP6/APP6.srcs/sources_1/bd/design_1/ip/design_1_xbar_0/design_1_xbar_0/design_1_xbar_0_in_context.xdc] for cell 'design_1_i/microblaze_0_axi_periph/xbar'
Parsing XDC File [c:/ZYBO/Work-2018.2/APP6-GE/S4e-APP6-Vivado_Etudiant/APP6/APP6.srcs/sources_1/bd/design_1/ip/design_1_axi_quad_spi_0_1/design_1_axi_quad_spi_0_1/design_1_axi_quad_spi_0_1_in_context.xdc] for cell 'design_1_i/axi_quad_spi_0'
Finished Parsing XDC File [c:/ZYBO/Work-2018.2/APP6-GE/S4e-APP6-Vivado_Etudiant/APP6/APP6.srcs/sources_1/bd/design_1/ip/design_1_axi_quad_spi_0_1/design_1_axi_quad_spi_0_1/design_1_axi_quad_spi_0_1_in_context.xdc] for cell 'design_1_i/axi_quad_spi_0'
Parsing XDC File [c:/ZYBO/Work-2018.2/APP6-GE/S4e-APP6-Vivado_Etudiant/APP6/APP6.srcs/sources_1/bd/design_1/ip/design_1_myip_0_0/design_1_myip_0_0/design_1_myip_0_0_in_context.xdc] for cell 'design_1_i/Calcul_Moyenne/myip_0'
Finished Parsing XDC File [c:/ZYBO/Work-2018.2/APP6-GE/S4e-APP6-Vivado_Etudiant/APP6/APP6.srcs/sources_1/bd/design_1/ip/design_1_myip_0_0/design_1_myip_0_0/design_1_myip_0_0_in_context.xdc] for cell 'design_1_i/Calcul_Moyenne/myip_0'
Parsing XDC File [c:/ZYBO/Work-2018.2/APP6-GE/S4e-APP6-Vivado_Etudiant/APP6/APP6.srcs/sources_1/bd/design_1/ip/design_1_axi_uartlite_0_0/design_1_axi_uartlite_0_0/design_1_axi_uartlite_0_0_in_context.xdc] for cell 'design_1_i/axi_uartlite_0'
Finished Parsing XDC File [c:/ZYBO/Work-2018.2/APP6-GE/S4e-APP6-Vivado_Etudiant/APP6/APP6.srcs/sources_1/bd/design_1/ip/design_1_axi_uartlite_0_0/design_1_axi_uartlite_0_0/design_1_axi_uartlite_0_0_in_context.xdc] for cell 'design_1_i/axi_uartlite_0'
Parsing XDC File [c:/ZYBO/Work-2018.2/APP6-GE/S4e-APP6-Vivado_Etudiant/APP6/APP6.srcs/sources_1/bd/design_1/ip/design_1_axi_intc_0_0/design_1_axi_intc_0_0/design_1_axi_intc_0_0_in_context.xdc] for cell 'design_1_i/Calcul_Moyenne/axi_intc_0'
Finished Parsing XDC File [c:/ZYBO/Work-2018.2/APP6-GE/S4e-APP6-Vivado_Etudiant/APP6/APP6.srcs/sources_1/bd/design_1/ip/design_1_axi_intc_0_0/design_1_axi_intc_0_0/design_1_axi_intc_0_0_in_context.xdc] for cell 'design_1_i/Calcul_Moyenne/axi_intc_0'
Parsing XDC File [c:/ZYBO/Work-2018.2/APP6-GE/S4e-APP6-Vivado_Etudiant/APP6/APP6.srcs/sources_1/bd/design_1/ip/design_1_axi_gpio_0_0/design_1_axi_gpio_0_0/design_1_axi_gpio_0_0_in_context.xdc] for cell 'design_1_i/axi_gpio_0'
Finished Parsing XDC File [c:/ZYBO/Work-2018.2/APP6-GE/S4e-APP6-Vivado_Etudiant/APP6/APP6.srcs/sources_1/bd/design_1/ip/design_1_axi_gpio_0_0/design_1_axi_gpio_0_0/design_1_axi_gpio_0_0_in_context.xdc] for cell 'design_1_i/axi_gpio_0'
Parsing XDC File [c:/ZYBO/Work-2018.2/APP6-GE/S4e-APP6-Vivado_Etudiant/APP6/APP6.srcs/sources_1/bd/design_1/ip/design_1_xlconcat_0_1/design_1_xlconcat_0_1/design_1_xlconcat_0_1_in_context.xdc] for cell 'design_1_i/Calcul_Moyenne/xlconcat_0'
Finished Parsing XDC File [c:/ZYBO/Work-2018.2/APP6-GE/S4e-APP6-Vivado_Etudiant/APP6/APP6.srcs/sources_1/bd/design_1/ip/design_1_xlconcat_0_1/design_1_xlconcat_0_1/design_1_xlconcat_0_1_in_context.xdc] for cell 'design_1_i/Calcul_Moyenne/xlconcat_0'
Parsing XDC File [c:/ZYBO/Work-2018.2/APP6-GE/S4e-APP6-Vivado_Etudiant/APP6/APP6.srcs/sources_1/bd/design_1/ip/design_1_auto_pc_0/design_1_auto_pc_0/design_1_auto_pc_0_in_context.xdc] for cell 'design_1_i/microblaze_0_axi_periph/m04_couplers/auto_pc'
Finished Parsing XDC File [c:/ZYBO/Work-2018.2/APP6-GE/S4e-APP6-Vivado_Etudiant/APP6/APP6.srcs/sources_1/bd/design_1/ip/design_1_auto_pc_0/design_1_auto_pc_0/design_1_auto_pc_0_in_context.xdc] for cell 'design_1_i/microblaze_0_axi_periph/m04_couplers/auto_pc'
Parsing XDC File [C:/ZYBO/Work-2018.2/APP6-GE/S4e-APP6-Vivado_Etudiant/APP6/APP6.srcs/constrs_1/new/APP6.xdc]
Finished Parsing XDC File [C:/ZYBO/Work-2018.2/APP6-GE/S4e-APP6-Vivado_Etudiant/APP6/APP6.srcs/constrs_1/new/APP6.xdc]
INFO: [Project 1-236] Implementation specific constraints were found while reading constraint file [C:/ZYBO/Work-2018.2/APP6-GE/S4e-APP6-Vivado_Etudiant/APP6/APP6.srcs/constrs_1/new/APP6.xdc]. These constraints will be ignored for synthesis but will be used in implementation. Impacted constraints are listed in the file [.Xil/design_1_wrapper_propImpl.xdc].
Resolution: To avoid this warning, move constraints listed in [.Xil/design_1_wrapper_propImpl.xdc] to another XDC file and exclude this new file from synthesis with the used_in_synthesis property (File Properties dialog in GUI) and re-run elaboration/synthesis.
Parsing XDC File [C:/ZYBO/Work-2018.2/APP6-GE/S4e-APP6-Vivado_Etudiant/APP6/APP6.runs/synth_1/dont_touch.xdc]
Finished Parsing XDC File [C:/ZYBO/Work-2018.2/APP6-GE/S4e-APP6-Vivado_Etudiant/APP6/APP6.runs/synth_1/dont_touch.xdc]
Completed Processing XDC Constraints

INFO: [Project 1-111] Unisim Transformation Summary:
  A total of 8 instances were transformed.
  IOBUF => IOBUF (IBUF, OBUFT): 8 instances

Constraint Validation Runtime : Time (s): cpu = 00:00:00 ; elapsed = 00:00:00.037 . Memory (MB): peak = 797.902 ; gain = 0.000
WARNING: [Timing 38-316] Clock period '20.000' specified during out-of-context synthesis of instance 'design_1_i/microblaze_0_local_memory/lmb_bram' at clock pin 'clka' is different from the actual clock period '10.000', this can lead to different synthesis results.
---------------------------------------------------------------------------------
Finished Constraint Validation : Time (s): cpu = 00:00:16 ; elapsed = 00:00:33 . Memory (MB): peak = 797.902 ; gain = 462.094
---------------------------------------------------------------------------------
---------------------------------------------------------------------------------
Start Loading Part and Timing Information
---------------------------------------------------------------------------------
Loading part: xc7z010clg400-1
---------------------------------------------------------------------------------
Finished Loading Part and Timing Information : Time (s): cpu = 00:00:16 ; elapsed = 00:00:33 . Memory (MB): peak = 797.902 ; gain = 462.094
---------------------------------------------------------------------------------
---------------------------------------------------------------------------------
Start Applying 'set_property' XDC Constraints
---------------------------------------------------------------------------------
Applied set_property IO_BUFFER_TYPE = NONE for sys_clock. (constraint file  c:/ZYBO/Work-2018.2/APP6-GE/S4e-APP6-Vivado_Etudiant/APP6/APP6.srcs/sources_1/bd/design_1/ip/design_1_clk_wiz_1_0/design_1_clk_wiz_1_0/design_1_clk_wiz_1_0_in_context.xdc, line 4).
Applied set_property CLOCK_BUFFER_TYPE = NONE for sys_clock. (constraint file  c:/ZYBO/Work-2018.2/APP6-GE/S4e-APP6-Vivado_Etudiant/APP6/APP6.srcs/sources_1/bd/design_1/ip/design_1_clk_wiz_1_0/design_1_clk_wiz_1_0/design_1_clk_wiz_1_0_in_context.xdc, line 5).
Applied set_property DONT_TOUCH = true for design_1_i. (constraint file  auto generated constraint, line ).
Applied set_property DONT_TOUCH = true for design_1_i/microblaze_0. (constraint file  auto generated constraint, line ).
Applied set_property DONT_TOUCH = true for design_1_i/microblaze_0_axi_periph. (constraint file  auto generated constraint, line ).
Applied set_property DONT_TOUCH = true for design_1_i/mdm_1. (constraint file  auto generated constraint, line ).
Applied set_property DONT_TOUCH = true for design_1_i/clk_wiz_1. (constraint file  auto generated constraint, line ).
Applied set_property DONT_TOUCH = true for design_1_i/rst_clk_wiz_1_100M. (constraint file  auto generated constraint, line ).
Applied set_property DONT_TOUCH = true for design_1_i/microblaze_0_local_memory/dlmb_v10. (constraint file  auto generated constraint, line ).
Applied set_property DONT_TOUCH = true for design_1_i/microblaze_0_local_memory/ilmb_v10. (constraint file  auto generated constraint, line ).
Applied set_property DONT_TOUCH = true for design_1_i/microblaze_0_local_memory/dlmb_bram_if_cntlr. (constraint file  auto generated constraint, line ).
Applied set_property DONT_TOUCH = true for design_1_i/microblaze_0_local_memory/ilmb_bram_if_cntlr. (constraint file  auto generated constraint, line ).
Applied set_property DONT_TOUCH = true for design_1_i/microblaze_0_local_memory/lmb_bram. (constraint file  auto generated constraint, line ).
Applied set_property DONT_TOUCH = true for design_1_i/microblaze_0_axi_periph/xbar. (constraint file  auto generated constraint, line ).
Applied set_property DONT_TOUCH = true for design_1_i/axi_quad_spi_0. (constraint file  auto generated constraint, line ).
Applied set_property DONT_TOUCH = true for design_1_i/Calcul_Moyenne/myip_0. (constraint file  auto generated constraint, line ).
Applied set_property DONT_TOUCH = true for design_1_i/axi_uartlite_0. (constraint file  auto generated constraint, line ).
Applied set_property DONT_TOUCH = true for design_1_i/Calcul_Moyenne/axi_intc_0. (constraint file  auto generated constraint, line ).
Applied set_property DONT_TOUCH = true for design_1_i/axi_gpio_0. (constraint file  auto generated constraint, line ).
Applied set_property DONT_TOUCH = true for design_1_i/Calcul_Moyenne/xlconcat_0. (constraint file  auto generated constraint, line ).
Applied set_property DONT_TOUCH = true for design_1_i/microblaze_0_axi_periph/m04_couplers/auto_pc. (constraint file  auto generated constraint, line ).
---------------------------------------------------------------------------------
Finished applying 'set_property' XDC Constraints : Time (s): cpu = 00:00:16 ; elapsed = 00:00:33 . Memory (MB): peak = 797.902 ; gain = 462.094
---------------------------------------------------------------------------------
---------------------------------------------------------------------------------
Finished RTL Optimization Phase 2 : Time (s): cpu = 00:00:16 ; elapsed = 00:00:34 . Memory (MB): peak = 797.902 ; gain = 462.094
---------------------------------------------------------------------------------

Report RTL Partitions: 
+-+--------------+------------+----------+
| |RTL Partition |Replication |Instances |
+-+--------------+------------+----------+
+-+--------------+------------+----------+
---------------------------------------------------------------------------------
Start RTL Component Statistics 
---------------------------------------------------------------------------------
Detailed RTL Component Info : 
---------------------------------------------------------------------------------
Finished RTL Component Statistics 
---------------------------------------------------------------------------------
---------------------------------------------------------------------------------
Start RTL Hierarchical Component Statistics 
---------------------------------------------------------------------------------
Hierarchical RTL Component report 
---------------------------------------------------------------------------------
Finished RTL Hierarchical Component Statistics
---------------------------------------------------------------------------------
---------------------------------------------------------------------------------
Start Part Resource Summary
---------------------------------------------------------------------------------
Part Resources:
DSPs: 80 (col length:40)
BRAMs: 120 (col length: RAMB18 40 RAMB36 20)
---------------------------------------------------------------------------------
Finished Part Resource Summary
---------------------------------------------------------------------------------
---------------------------------------------------------------------------------
Start Cross Boundary and Area Optimization
---------------------------------------------------------------------------------
Warning: Parallel synthesis criteria is not met 
---------------------------------------------------------------------------------
Finished Cross Boundary and Area Optimization : Time (s): cpu = 00:00:17 ; elapsed = 00:00:35 . Memory (MB): peak = 797.902 ; gain = 462.094
---------------------------------------------------------------------------------

Report RTL Partitions: 
+-+--------------+------------+----------+
| |RTL Partition |Replication |Instances |
+-+--------------+------------+----------+
+-+--------------+------------+----------+
---------------------------------------------------------------------------------
Start Applying XDC Timing Constraints
---------------------------------------------------------------------------------
INFO: [Synth 8-5578] Moved timing constraint from pin 'design_1_i/mdm_1/Dbg_Clk_0' to pin 'design_1_i/mdm_1/bbstub_Dbg_Clk_0/O'
INFO: [Synth 8-5578] Moved timing constraint from pin 'design_1_i/mdm_1/Dbg_Update_0' to pin 'design_1_i/mdm_1/bbstub_Dbg_Update_0/O'
INFO: [Synth 8-5578] Moved timing constraint from pin 'design_1_i/clk_wiz_1/clk_out1' to pin 'design_1_i/clk_wiz_1/bbstub_clk_out1/O'
INFO: [Synth 8-5578] Moved timing constraint from pin 'design_1_i/clk_wiz_1/clk_out2' to pin 'design_1_i/clk_wiz_1/bbstub_clk_out2/O'
INFO: [Synth 8-5578] Moved timing constraint from pin 'design_1_i/microblaze_0_local_memory/dlmb_bram_if_cntlr/BRAM_Clk_A' to pin 'design_1_i/microblaze_0_local_memory/dlmb_bram_if_cntlr/bbstub_BRAM_Clk_A/O'
INFO: [Synth 8-5578] Moved timing constraint from pin 'design_1_i/microblaze_0_local_memory/ilmb_bram_if_cntlr/BRAM_Clk_A' to pin 'design_1_i/microblaze_0_local_memory/ilmb_bram_if_cntlr/bbstub_BRAM_Clk_A/O'
INFO: [Synth 8-5819] Moved 6 constraints on hierarchical pins to their respective driving/loading pins
---------------------------------------------------------------------------------
Finished Applying XDC Timing Constraints : Time (s): cpu = 00:00:28 ; elapsed = 00:00:48 . Memory (MB): peak = 804.605 ; gain = 468.797
---------------------------------------------------------------------------------
---------------------------------------------------------------------------------
Start Timing Optimization
---------------------------------------------------------------------------------
---------------------------------------------------------------------------------
Finished Timing Optimization : Time (s): cpu = 00:00:28 ; elapsed = 00:00:48 . Memory (MB): peak = 804.828 ; gain = 469.020
---------------------------------------------------------------------------------

Report RTL Partitions: 
+-+--------------+------------+----------+
| |RTL Partition |Replication |Instances |
+-+--------------+------------+----------+
+-+--------------+------------+----------+
---------------------------------------------------------------------------------
Start Technology Mapping
---------------------------------------------------------------------------------
---------------------------------------------------------------------------------
Finished Technology Mapping : Time (s): cpu = 00:00:28 ; elapsed = 00:00:48 . Memory (MB): peak = 805.789 ; gain = 469.980
---------------------------------------------------------------------------------

Report RTL Partitions: 
+-+--------------+------------+----------+
| |RTL Partition |Replication |Instances |
+-+--------------+------------+----------+
+-+--------------+------------+----------+
---------------------------------------------------------------------------------
Start IO Insertion
---------------------------------------------------------------------------------
---------------------------------------------------------------------------------
Start Flattening Before IO Insertion
---------------------------------------------------------------------------------
---------------------------------------------------------------------------------
Finished Flattening Before IO Insertion
---------------------------------------------------------------------------------
---------------------------------------------------------------------------------
Start Final Netlist Cleanup
---------------------------------------------------------------------------------
---------------------------------------------------------------------------------
Finished Final Netlist Cleanup
---------------------------------------------------------------------------------
---------------------------------------------------------------------------------
Finished IO Insertion : Time (s): cpu = 00:00:29 ; elapsed = 00:00:50 . Memory (MB): peak = 806.164 ; gain = 470.355
---------------------------------------------------------------------------------

Report Check Netlist: 
+------+------------------+-------+---------+-------+------------------+
|      |Item              |Errors |Warnings |Status |Description       |
+------+------------------+-------+---------+-------+------------------+
|1     |multi_driven_nets |      0|        0|Passed |Multi driven nets |
+------+------------------+-------+---------+-------+------------------+
---------------------------------------------------------------------------------
Start Renaming Generated Instances
---------------------------------------------------------------------------------
---------------------------------------------------------------------------------
Finished Renaming Generated Instances : Time (s): cpu = 00:00:29 ; elapsed = 00:00:50 . Memory (MB): peak = 806.164 ; gain = 470.355
---------------------------------------------------------------------------------

Report RTL Partitions: 
+-+--------------+------------+----------+
| |RTL Partition |Replication |Instances |
+-+--------------+------------+----------+
+-+--------------+------------+----------+
---------------------------------------------------------------------------------
Start Rebuilding User Hierarchy
---------------------------------------------------------------------------------
---------------------------------------------------------------------------------
Finished Rebuilding User Hierarchy : Time (s): cpu = 00:00:29 ; elapsed = 00:00:50 . Memory (MB): peak = 806.164 ; gain = 470.355
---------------------------------------------------------------------------------
---------------------------------------------------------------------------------
Start Renaming Generated Ports
---------------------------------------------------------------------------------
---------------------------------------------------------------------------------
Finished Renaming Generated Ports : Time (s): cpu = 00:00:29 ; elapsed = 00:00:50 . Memory (MB): peak = 806.164 ; gain = 470.355
---------------------------------------------------------------------------------
---------------------------------------------------------------------------------
Start Handling Custom Attributes
---------------------------------------------------------------------------------
---------------------------------------------------------------------------------
Finished Handling Custom Attributes : Time (s): cpu = 00:00:29 ; elapsed = 00:00:50 . Memory (MB): peak = 806.164 ; gain = 470.355
---------------------------------------------------------------------------------
---------------------------------------------------------------------------------
Start Renaming Generated Nets
---------------------------------------------------------------------------------
---------------------------------------------------------------------------------
Finished Renaming Generated Nets : Time (s): cpu = 00:00:29 ; elapsed = 00:00:50 . Memory (MB): peak = 806.164 ; gain = 470.355
---------------------------------------------------------------------------------
---------------------------------------------------------------------------------
Start Writing Synthesis Report
---------------------------------------------------------------------------------

Report BlackBoxes: 
+------+------------------------------+----------+
|      |BlackBox name                 |Instances |
+------+------------------------------+----------+
|1     |design_1_xbar_0               |         1|
|2     |design_1_auto_pc_0            |         1|
|3     |design_1_axi_gpio_0_0         |         1|
|4     |design_1_axi_quad_spi_0_1     |         1|
|5     |design_1_axi_uartlite_0_0     |         1|
|6     |design_1_clk_wiz_1_0          |         1|
|7     |design_1_mdm_1_0              |         1|
|8     |design_1_microblaze_0_0       |         1|
|9     |design_1_rst_clk_wiz_1_100M_0 |         1|
|10    |design_1_axi_intc_0_0         |         1|
|11    |design_1_myip_0_0             |         1|
|12    |design_1_xlconcat_0_1         |         1|
|13    |design_1_dlmb_bram_if_cntlr_0 |         1|
|14    |design_1_dlmb_v10_0           |         1|
|15    |design_1_ilmb_bram_if_cntlr_0 |         1|
|16    |design_1_ilmb_v10_0           |         1|
|17    |design_1_lmb_bram_0           |         1|
+------+------------------------------+----------+

Report Cell Usage: 
+------+--------------------------------------+------+
|      |Cell                                  |Count |
+------+--------------------------------------+------+
|1     |design_1_auto_pc_0_bbox_9             |     1|
|2     |design_1_axi_gpio_0_0_bbox_3          |     1|
|3     |design_1_axi_intc_0_0_bbox_0          |     1|
|4     |design_1_axi_quad_spi_0_1_bbox_4      |     1|
|5     |design_1_axi_uartlite_0_0_bbox_5      |     1|
|6     |design_1_clk_wiz_1_0_bbox_6           |     1|
|7     |design_1_dlmb_bram_if_cntlr_0_bbox_11 |     1|
|8     |design_1_dlmb_v10_0_bbox_12           |     1|
|9     |design_1_ilmb_bram_if_cntlr_0_bbox_13 |     1|
|10    |design_1_ilmb_v10_0_bbox_14           |     1|
|11    |design_1_lmb_bram_0_bbox_15           |     1|
|12    |design_1_mdm_1_0_bbox_7               |     1|
|13    |design_1_microblaze_0_0_bbox_8        |     1|
|14    |design_1_myip_0_0_bbox_1              |     1|
|15    |design_1_rst_clk_wiz_1_100M_0_bbox_16 |     1|
|16    |design_1_xbar_0_bbox_10               |     1|
|17    |design_1_xlconcat_0_1_bbox_2          |     1|
|18    |IBUF                                  |     3|
|19    |IOBUF                                 |     8|
|20    |OBUF                                  |     5|
+------+--------------------------------------+------+

Report Instance Areas: 
+------+------------------------------+--------------------------------------+------+
|      |Instance                      |Module                                |Cells |
+------+------------------------------+--------------------------------------+------+
|1     |top                           |                                      |  1920|
|2     |  design_1_i                  |design_1                              |  1904|
|3     |    microblaze_0_axi_periph   |design_1_microblaze_0_axi_periph_0    |   896|
|4     |      m04_couplers            |m04_couplers_imp_5LX7BU               |   189|
|5     |    Calcul_Moyenne            |Calcul_Moyenne_imp_64YLTW             |   118|
|6     |    microblaze_0_local_memory |microblaze_0_local_memory_imp_1K0VQXK |   496|
+------+------------------------------+--------------------------------------+------+
---------------------------------------------------------------------------------
Finished Writing Synthesis Report : Time (s): cpu = 00:00:29 ; elapsed = 00:00:50 . Memory (MB): peak = 806.164 ; gain = 470.355
---------------------------------------------------------------------------------
Synthesis finished with 0 errors, 0 critical warnings and 14 warnings.
Synthesis Optimization Runtime : Time (s): cpu = 00:00:16 ; elapsed = 00:00:28 . Memory (MB): peak = 806.164 ; gain = 170.559
Synthesis Optimization Complete : Time (s): cpu = 00:00:29 ; elapsed = 00:00:51 . Memory (MB): peak = 806.164 ; gain = 470.355
INFO: [Project 1-571] Translating synthesized netlist
INFO: [Netlist 29-17] Analyzing 11 Unisim elements for replacement
INFO: [Netlist 29-28] Unisim Transformation completed in 0 CPU seconds
INFO: [Project 1-570] Preparing netlist for logic optimization
INFO: [Opt 31-138] Pushed 0 inverter(s) to 0 load pin(s).
INFO: [Project 1-111] Unisim Transformation Summary:
  A total of 8 instances were transformed.
  IOBUF => IOBUF (IBUF, OBUFT): 8 instances

INFO: [Common 17-83] Releasing license: Synthesis
95 Infos, 101 Warnings, 0 Critical Warnings and 0 Errors encountered.
synth_design completed successfully
synth_design: Time (s): cpu = 00:00:31 ; elapsed = 00:00:56 . Memory (MB): peak = 826.922 ; gain = 500.332
WARNING: [Constraints 18-5210] No constraint will be written out.
INFO: [Common 17-1381] The checkpoint 'C:/ZYBO/Work-2018.2/APP6-GE/S4e-APP6-Vivado_Etudiant/APP6/APP6.runs/synth_1/design_1_wrapper.dcp' has been generated.
INFO: [runtcl-4] Executing : report_utilization -file design_1_wrapper_utilization_synth.rpt -pb design_1_wrapper_utilization_synth.pb
report_utilization: Time (s): cpu = 00:00:00 ; elapsed = 00:00:00.216 . Memory (MB): peak = 826.922 ; gain = 0.000
INFO: [Common 17-206] Exiting Vivado at Fri Mar 29 13:03:14 2019...
