#-----------------------------------------------------------
# Webtalk v2018.2 (64-bit)
# SW Build 2258646 on Thu Jun 14 20:03:12 MDT 2018
# 
# Start of session at: Wed Mar 20 12:39:50 2019
# Process ID: 5896
# Current directory: C:/ZYBO/Work-2018.2/APP6-GE/Pbmatique-APP6-Interrupt/APP6/APP6.sdk/webtalk
# Command line: wbtcv.exe -mode batch -source sdk_webtalk.tcl
# Log file: C:/ZYBO/Work-2018.2/APP6-GE/Pbmatique-APP6-Interrupt/APP6/APP6.sdk/webtalk/webtalk.log
# Journal file: C:/ZYBO/Work-2018.2/APP6-GE/Pbmatique-APP6-Interrupt/APP6/APP6.sdk/webtalk\webtalk.jou
#-----------------------------------------------------------
source sdk_webtalk.tcl
# webtalk_init -webtalk_dir C:\\ZYBO\\Work-2018.2\\APP6-GE\\Pbmatique-APP6-Interrupt\\APP6\\APP6.sdk\\webtalk
# webtalk_register_client -client project
# webtalk_add_data -client project -key date_generated -value "2019-03-20 12:39:48" -context "software_version_and_target_device"
# webtalk_add_data -client project -key product_version -value "SDK v2018.2" -context "software_version_and_target_device"
# webtalk_add_data -client project -key build_version -value "2018.2" -context "software_version_and_target_device"
# webtalk_add_data -client project -key os_platform -value "amd64" -context "software_version_and_target_device"
# webtalk_add_data -client project -key registration_id -value "211418087_0_0_802" -context "software_version_and_target_device"
# webtalk_add_data -client project -key tool_flow -value "SDK" -context "software_version_and_target_device"
# webtalk_add_data -client project -key beta -value "false" -context "software_version_and_target_device"
# webtalk_add_data -client project -key route_design -value "NA" -context "software_version_and_target_device"
# webtalk_add_data -client project -key target_family -value "NA" -context "software_version_and_target_device"
# webtalk_add_data -client project -key target_device -value "NA" -context "software_version_and_target_device"
# webtalk_add_data -client project -key target_package -value "NA" -context "software_version_and_target_device"
# webtalk_add_data -client project -key target_speed -value "NA" -context "software_version_and_target_device"
# webtalk_add_data -client project -key random_id -value "beg32eqskvd1sgha3h6gespgnb" -context "software_version_and_target_device"
# webtalk_add_data -client project -key project_id -value "2018.2_32" -context "software_version_and_target_device"
# webtalk_add_data -client project -key project_iteration -value "32" -context "software_version_and_target_device"
# webtalk_add_data -client project -key os_name -value "Microsoft Windows 8 or later , 64-bit" -context "user_environment"
# webtalk_add_data -client project -key os_release -value "major release  (build 9200)" -context "user_environment"
# webtalk_add_data -client project -key cpu_name -value "Intel(R) Core(TM) i7-3630QM CPU @ 2.40GHz" -context "user_environment"
# webtalk_add_data -client project -key cpu_speed -value "2395 MHz" -context "user_environment"
# webtalk_add_data -client project -key total_processors -value "1" -context "user_environment"
# webtalk_add_data -client project -key system_ram -value "8.470 GB" -context "user_environment"
# webtalk_register_client -client sdk
# webtalk_add_data -client sdk -key uid -value "1553040631076" -context "sdk\\\\hardware/1553040631076"
# webtalk_add_data -client sdk -key isZynq -value "true" -context "sdk\\\\hardware/1553040631076"
# webtalk_add_data -client sdk -key isZynqMP -value "false" -context "sdk\\\\hardware/1553040631076"
# webtalk_add_data -client sdk -key Processors -value "1" -context "sdk\\\\hardware/1553040631076"
# webtalk_add_data -client sdk -key VivadoVersion -value "2018.2" -context "sdk\\\\hardware/1553040631076"
# webtalk_add_data -client sdk -key Arch -value "zynq" -context "sdk\\\\hardware/1553040631076"
# webtalk_add_data -client sdk -key Device -value "7z010" -context "sdk\\\\hardware/1553040631076"
# webtalk_add_data -client sdk -key IsHandoff -value "true" -context "sdk\\\\hardware/1553040631076"
# webtalk_add_data -client sdk -key os -value "NA" -context "sdk\\\\hardware/1553040631076"
# webtalk_add_data -client sdk -key apptemplate -value "NA" -context "sdk\\\\hardware/1553040631076"
# webtalk_add_data -client sdk -key RecordType -value "HWCreation" -context "sdk\\\\hardware/1553040631076"
# webtalk_add_data -client sdk -key uid -value "1553040824691" -context "sdk\\\\bsp/1553040824691"
# webtalk_add_data -client sdk -key hwid -value "1553040631076" -context "sdk\\\\bsp/1553040824691"
# webtalk_add_data -client sdk -key os -value "standalone" -context "sdk\\\\bsp/1553040824691"
# webtalk_add_data -client sdk -key apptemplate -value "empty_application" -context "sdk\\\\bsp/1553040824691"
# webtalk_add_data -client sdk -key RecordType -value "BSPCreation" -context "sdk\\\\bsp/1553040824691"
# webtalk_add_data -client sdk -key uid -value "1553040874318" -context "sdk\\\\application/1553040874318"
# webtalk_add_data -client sdk -key hwid -value "1553040631076" -context "sdk\\\\application/1553040874318"
# webtalk_add_data -client sdk -key bspid -value "1553040824691" -context "sdk\\\\application/1553040874318"
# webtalk_add_data -client sdk -key newbsp -value "true" -context "sdk\\\\application/1553040874318"
# webtalk_add_data -client sdk -key os -value "standalone" -context "sdk\\\\application/1553040874318"
# webtalk_add_data -client sdk -key apptemplate -value "empty_application" -context "sdk\\\\application/1553040874318"
# webtalk_add_data -client sdk -key RecordType -value "APPCreation" -context "sdk\\\\application/1553040874318"
# webtalk_add_data -client sdk -key LangUsed -value "C" -context "sdk\\\\application/1553040874318"
# webtalk_add_data -client sdk -key Procused -value "microblaze" -context "sdk\\\\application/1553040874318"
# webtalk_add_data -client sdk -key projSize -value "105.6015625" -context "sdk\\\\application/1553040874318"
# webtalk_add_data -client sdk -key uid -value "NA" -context "sdk\\\\bsp/1553099988067"
# webtalk_add_data -client sdk -key RecordType -value "ToolUsage" -context "sdk\\\\bsp/1553099988067"
# webtalk_add_data -client sdk -key BootgenCount -value "0" -context "sdk\\\\bsp/1553099988067"
# webtalk_add_data -client sdk -key DebugCount -value "5" -context "sdk\\\\bsp/1553099988067"
# webtalk_add_data -client sdk -key PerfCount -value "0" -context "sdk\\\\bsp/1553099988067"
# webtalk_add_data -client sdk -key FlashCount -value "0" -context "sdk\\\\bsp/1553099988067"
# webtalk_add_data -client sdk -key CrossTriggCount -value "0" -context "sdk\\\\bsp/1553099988067"
# webtalk_add_data -client sdk -key QemuDebugCount -value "0" -context "sdk\\\\bsp/1553099988067"
# webtalk_transmit -clientid 1712058975 -regid "211418087_0_0_802" -xml C:\\ZYBO\\Work-2018.2\\APP6-GE\\Pbmatique-APP6-Interrupt\\APP6\\APP6.sdk\\webtalk\\usage_statistics_ext_sdk.xml -html C:\\ZYBO\\Work-2018.2\\APP6-GE\\Pbmatique-APP6-Interrupt\\APP6\\APP6.sdk\\webtalk\\usage_statistics_ext_sdk.html -wdm C:\\ZYBO\\Work-2018.2\\APP6-GE\\Pbmatique-APP6-Interrupt\\APP6\\APP6.sdk\\webtalk\\sdk_webtalk.wdm -intro "<H3>SDK Usage Report</H3><BR>"
# webtalk_terminate
INFO: [Common 17-206] Exiting Webtalk at Wed Mar 20 12:39:57 2019...
