
*** Running vivado
    with args -log design_1_myip_0_0.vds -m64 -product Vivado -mode batch -messageDb vivado.pb -notrace -source design_1_myip_0_0.tcl


****** Vivado v2018.2 (64-bit)
  **** SW Build 2258646 on Thu Jun 14 20:03:12 MDT 2018
  **** IP Build 2256618 on Thu Jun 14 22:10:49 MDT 2018
    ** Copyright 1986-2018 Xilinx, Inc. All Rights Reserved.

source design_1_myip_0_0.tcl -notrace
Command: synth_design -top design_1_myip_0_0 -part xc7z010clg400-1 -mode out_of_context
Starting synth_design
Attempting to get a license for feature 'Synthesis' and/or device 'xc7z010'
INFO: [Common 17-349] Got license for feature 'Synthesis' and/or device 'xc7z010'
INFO: Launching helper process for spawning children vivado processes
INFO: Helper process launched with PID 13564 
---------------------------------------------------------------------------------
Starting RTL Elaboration : Time (s): cpu = 00:00:04 ; elapsed = 00:00:14 . Memory (MB): peak = 412.102 ; gain = 97.180
---------------------------------------------------------------------------------
INFO: [Synth 8-638] synthesizing module 'design_1_myip_0_0' [c:/ZYBO/Work-2018.2/APP6-GE/Pbmatique-APP6-Interrupt/APP6/APP6.srcs/sources_1/bd/design_1/ip/design_1_myip_0_0/synth/design_1_myip_0_0.vhd:86]
	Parameter C_S00_AXI_DATA_WIDTH bound to: 32 - type: integer 
	Parameter C_S00_AXI_ADDR_WIDTH bound to: 4 - type: integer 
INFO: [Synth 8-3491] module 'myip_v1_0' declared at 'c:/ZYBO/Work-2018.2/APP6-GE/Pbmatique-APP6-Interrupt/APP6/APP6.srcs/sources_1/bd/design_1/ipshared/2347/hdl/myip_v1_0.vhd:5' bound to instance 'U0' of component 'myip_v1_0' [c:/ZYBO/Work-2018.2/APP6-GE/Pbmatique-APP6-Interrupt/APP6/APP6.srcs/sources_1/bd/design_1/ip/design_1_myip_0_0/synth/design_1_myip_0_0.vhd:156]
INFO: [Synth 8-638] synthesizing module 'myip_v1_0' [c:/ZYBO/Work-2018.2/APP6-GE/Pbmatique-APP6-Interrupt/APP6/APP6.srcs/sources_1/bd/design_1/ipshared/2347/hdl/myip_v1_0.vhd:52]
	Parameter C_S00_AXI_DATA_WIDTH bound to: 32 - type: integer 
	Parameter C_S00_AXI_ADDR_WIDTH bound to: 4 - type: integer 
	Parameter C_S_AXI_DATA_WIDTH bound to: 32 - type: integer 
	Parameter C_S_AXI_ADDR_WIDTH bound to: 4 - type: integer 
INFO: [Synth 8-3491] module 'myip_v1_0_S00_AXI' declared at 'c:/ZYBO/Work-2018.2/APP6-GE/Pbmatique-APP6-Interrupt/APP6/APP6.srcs/sources_1/bd/design_1/ipshared/2347/hdl/myip_v1_0_S00_AXI.vhd:5' bound to instance 'myip_v1_0_S00_AXI_inst' of component 'myip_v1_0_S00_AXI' [c:/ZYBO/Work-2018.2/APP6-GE/Pbmatique-APP6-Interrupt/APP6/APP6.srcs/sources_1/bd/design_1/ipshared/2347/hdl/myip_v1_0.vhd:93]
INFO: [Synth 8-638] synthesizing module 'myip_v1_0_S00_AXI' [c:/ZYBO/Work-2018.2/APP6-GE/Pbmatique-APP6-Interrupt/APP6/APP6.srcs/sources_1/bd/design_1/ipshared/2347/hdl/myip_v1_0_S00_AXI.vhd:91]
	Parameter C_S_AXI_DATA_WIDTH bound to: 32 - type: integer 
	Parameter C_S_AXI_ADDR_WIDTH bound to: 4 - type: integer 
INFO: [Synth 8-226] default block is never used [c:/ZYBO/Work-2018.2/APP6-GE/Pbmatique-APP6-Interrupt/APP6/APP6.srcs/sources_1/bd/design_1/ipshared/2347/hdl/myip_v1_0_S00_AXI.vhd:244]
INFO: [Synth 8-226] default block is never used [c:/ZYBO/Work-2018.2/APP6-GE/Pbmatique-APP6-Interrupt/APP6/APP6.srcs/sources_1/bd/design_1/ipshared/2347/hdl/myip_v1_0_S00_AXI.vhd:377]
WARNING: [Synth 8-614] signal 'i_moyenne_data' is read in the process but is not in the sensitivity list [c:/ZYBO/Work-2018.2/APP6-GE/Pbmatique-APP6-Interrupt/APP6/APP6.srcs/sources_1/bd/design_1/ipshared/2347/hdl/myip_v1_0_S00_AXI.vhd:372]
WARNING: [Synth 8-614] signal 'i_somme_data' is read in the process but is not in the sensitivity list [c:/ZYBO/Work-2018.2/APP6-GE/Pbmatique-APP6-Interrupt/APP6/APP6.srcs/sources_1/bd/design_1/ipshared/2347/hdl/myip_v1_0_S00_AXI.vhd:372]
WARNING: [Synth 8-6014] Unused sequential element slv_reg1_reg was removed.  [c:/ZYBO/Work-2018.2/APP6-GE/Pbmatique-APP6-Interrupt/APP6/APP6.srcs/sources_1/bd/design_1/ipshared/2347/hdl/myip_v1_0_S00_AXI.vhd:232]
WARNING: [Synth 8-6014] Unused sequential element slv_reg2_reg was removed.  [c:/ZYBO/Work-2018.2/APP6-GE/Pbmatique-APP6-Interrupt/APP6/APP6.srcs/sources_1/bd/design_1/ipshared/2347/hdl/myip_v1_0_S00_AXI.vhd:233]
WARNING: [Synth 8-6014] Unused sequential element loc_addr_reg was removed.  [c:/ZYBO/Work-2018.2/APP6-GE/Pbmatique-APP6-Interrupt/APP6/APP6.srcs/sources_1/bd/design_1/ipshared/2347/hdl/myip_v1_0_S00_AXI.vhd:242]
INFO: [Synth 8-256] done synthesizing module 'myip_v1_0_S00_AXI' (1#1) [c:/ZYBO/Work-2018.2/APP6-GE/Pbmatique-APP6-Interrupt/APP6/APP6.srcs/sources_1/bd/design_1/ipshared/2347/hdl/myip_v1_0_S00_AXI.vhd:91]
INFO: [Synth 8-256] done synthesizing module 'myip_v1_0' (2#1) [c:/ZYBO/Work-2018.2/APP6-GE/Pbmatique-APP6-Interrupt/APP6/APP6.srcs/sources_1/bd/design_1/ipshared/2347/hdl/myip_v1_0.vhd:52]
INFO: [Synth 8-256] done synthesizing module 'design_1_myip_0_0' (3#1) [c:/ZYBO/Work-2018.2/APP6-GE/Pbmatique-APP6-Interrupt/APP6/APP6.srcs/sources_1/bd/design_1/ip/design_1_myip_0_0/synth/design_1_myip_0_0.vhd:86]
WARNING: [Synth 8-3331] design myip_v1_0_S00_AXI has unconnected port S_AXI_AWPROT[2]
WARNING: [Synth 8-3331] design myip_v1_0_S00_AXI has unconnected port S_AXI_AWPROT[1]
WARNING: [Synth 8-3331] design myip_v1_0_S00_AXI has unconnected port S_AXI_AWPROT[0]
WARNING: [Synth 8-3331] design myip_v1_0_S00_AXI has unconnected port S_AXI_ARPROT[2]
WARNING: [Synth 8-3331] design myip_v1_0_S00_AXI has unconnected port S_AXI_ARPROT[1]
WARNING: [Synth 8-3331] design myip_v1_0_S00_AXI has unconnected port S_AXI_ARPROT[0]
---------------------------------------------------------------------------------
Finished RTL Elaboration : Time (s): cpu = 00:00:05 ; elapsed = 00:00:21 . Memory (MB): peak = 468.180 ; gain = 153.258
---------------------------------------------------------------------------------

Report Check Netlist: 
+------+------------------+-------+---------+-------+------------------+
|      |Item              |Errors |Warnings |Status |Description       |
+------+------------------+-------+---------+-------+------------------+
|1     |multi_driven_nets |      0|        0|Passed |Multi driven nets |
+------+------------------+-------+---------+-------+------------------+
---------------------------------------------------------------------------------
Start Handling Custom Attributes
---------------------------------------------------------------------------------
---------------------------------------------------------------------------------
Finished Handling Custom Attributes : Time (s): cpu = 00:00:05 ; elapsed = 00:00:21 . Memory (MB): peak = 468.180 ; gain = 153.258
---------------------------------------------------------------------------------
---------------------------------------------------------------------------------
Finished RTL Optimization Phase 1 : Time (s): cpu = 00:00:05 ; elapsed = 00:00:21 . Memory (MB): peak = 468.180 ; gain = 153.258
---------------------------------------------------------------------------------
INFO: [Device 21-403] Loading part xc7z010clg400-1
INFO: [Project 1-570] Preparing netlist for logic optimization

Processing XDC Constraints
Initializing timing engine
Completed Processing XDC Constraints

INFO: [Project 1-111] Unisim Transformation Summary:
No Unisim elements were transformed.

WARNING: [Constraints 18-5210] No constraint will be written out.
Constraint Validation Runtime : Time (s): cpu = 00:00:00 ; elapsed = 00:00:00.868 . Memory (MB): peak = 783.164 ; gain = 1.676
---------------------------------------------------------------------------------
Finished Constraint Validation : Time (s): cpu = 00:00:19 ; elapsed = 00:00:52 . Memory (MB): peak = 783.164 ; gain = 468.242
---------------------------------------------------------------------------------
---------------------------------------------------------------------------------
Start Loading Part and Timing Information
---------------------------------------------------------------------------------
Loading part: xc7z010clg400-1
---------------------------------------------------------------------------------
Finished Loading Part and Timing Information : Time (s): cpu = 00:00:19 ; elapsed = 00:00:52 . Memory (MB): peak = 783.164 ; gain = 468.242
---------------------------------------------------------------------------------
---------------------------------------------------------------------------------
Start Applying 'set_property' XDC Constraints
---------------------------------------------------------------------------------
---------------------------------------------------------------------------------
Finished applying 'set_property' XDC Constraints : Time (s): cpu = 00:00:19 ; elapsed = 00:00:52 . Memory (MB): peak = 783.164 ; gain = 468.242
---------------------------------------------------------------------------------
---------------------------------------------------------------------------------
Finished RTL Optimization Phase 2 : Time (s): cpu = 00:00:19 ; elapsed = 00:00:57 . Memory (MB): peak = 783.164 ; gain = 468.242
---------------------------------------------------------------------------------

Report RTL Partitions: 
+-+--------------+------------+----------+
| |RTL Partition |Replication |Instances |
+-+--------------+------------+----------+
+-+--------------+------------+----------+
---------------------------------------------------------------------------------
Start RTL Component Statistics 
---------------------------------------------------------------------------------
Detailed RTL Component Info : 
+---Registers : 
	               32 Bit    Registers := 3     
	                4 Bit    Registers := 2     
	                2 Bit    Registers := 2     
	                1 Bit    Registers := 7     
+---Muxes : 
	   2 Input     32 Bit        Muxes := 2     
	   4 Input     32 Bit        Muxes := 3     
	   2 Input      1 Bit        Muxes := 6     
	   4 Input      1 Bit        Muxes := 1     
---------------------------------------------------------------------------------
Finished RTL Component Statistics 
---------------------------------------------------------------------------------
---------------------------------------------------------------------------------
Start RTL Hierarchical Component Statistics 
---------------------------------------------------------------------------------
Hierarchical RTL Component report 
Module myip_v1_0_S00_AXI 
Detailed RTL Component Info : 
+---Registers : 
	               32 Bit    Registers := 3     
	                4 Bit    Registers := 2     
	                2 Bit    Registers := 2     
	                1 Bit    Registers := 7     
+---Muxes : 
	   2 Input     32 Bit        Muxes := 2     
	   4 Input     32 Bit        Muxes := 3     
	   2 Input      1 Bit        Muxes := 6     
	   4 Input      1 Bit        Muxes := 1     
---------------------------------------------------------------------------------
Finished RTL Hierarchical Component Statistics
---------------------------------------------------------------------------------
---------------------------------------------------------------------------------
Start Part Resource Summary
---------------------------------------------------------------------------------
Part Resources:
DSPs: 80 (col length:40)
BRAMs: 120 (col length: RAMB18 40 RAMB36 20)
---------------------------------------------------------------------------------
Finished Part Resource Summary
---------------------------------------------------------------------------------
---------------------------------------------------------------------------------
Start Cross Boundary and Area Optimization
---------------------------------------------------------------------------------
Warning: Parallel synthesis criteria is not met 
WARNING: [Synth 8-3331] design design_1_myip_0_0 has unconnected port s00_axi_awprot[2]
WARNING: [Synth 8-3331] design design_1_myip_0_0 has unconnected port s00_axi_awprot[1]
WARNING: [Synth 8-3331] design design_1_myip_0_0 has unconnected port s00_axi_awprot[0]
WARNING: [Synth 8-3331] design design_1_myip_0_0 has unconnected port s00_axi_arprot[2]
WARNING: [Synth 8-3331] design design_1_myip_0_0 has unconnected port s00_axi_arprot[1]
WARNING: [Synth 8-3331] design design_1_myip_0_0 has unconnected port s00_axi_arprot[0]
INFO: [Synth 8-3333] propagating constant 1 across sequential element (\U0/myip_v1_0_S00_AXI_inst/aw_en_reg )
INFO: [Synth 8-3886] merging instance 'U0/myip_v1_0_S00_AXI_inst/axi_rresp_reg[0]' (FDRE) to 'U0/myip_v1_0_S00_AXI_inst/axi_rresp_reg[1]'
INFO: [Synth 8-3333] propagating constant 0 across sequential element (\U0/myip_v1_0_S00_AXI_inst/axi_rresp_reg[1] )
INFO: [Synth 8-3886] merging instance 'U0/myip_v1_0_S00_AXI_inst/axi_bresp_reg[0]' (FDRE) to 'U0/myip_v1_0_S00_AXI_inst/axi_bresp_reg[1]'
INFO: [Synth 8-3333] propagating constant 0 across sequential element (\U0/myip_v1_0_S00_AXI_inst/axi_bresp_reg[1] )
INFO: [Synth 8-3332] Sequential element (U0/myip_v1_0_S00_AXI_inst/aw_en_reg) is unused and will be removed from module design_1_myip_0_0.
INFO: [Synth 8-3332] Sequential element (U0/myip_v1_0_S00_AXI_inst/axi_awaddr_reg[1]) is unused and will be removed from module design_1_myip_0_0.
INFO: [Synth 8-3332] Sequential element (U0/myip_v1_0_S00_AXI_inst/axi_awaddr_reg[0]) is unused and will be removed from module design_1_myip_0_0.
INFO: [Synth 8-3332] Sequential element (U0/myip_v1_0_S00_AXI_inst/axi_bresp_reg[1]) is unused and will be removed from module design_1_myip_0_0.
INFO: [Synth 8-3332] Sequential element (U0/myip_v1_0_S00_AXI_inst/axi_araddr_reg[1]) is unused and will be removed from module design_1_myip_0_0.
INFO: [Synth 8-3332] Sequential element (U0/myip_v1_0_S00_AXI_inst/axi_araddr_reg[0]) is unused and will be removed from module design_1_myip_0_0.
INFO: [Synth 8-3332] Sequential element (U0/myip_v1_0_S00_AXI_inst/axi_rresp_reg[1]) is unused and will be removed from module design_1_myip_0_0.
---------------------------------------------------------------------------------
Finished Cross Boundary and Area Optimization : Time (s): cpu = 00:00:20 ; elapsed = 00:01:00 . Memory (MB): peak = 783.164 ; gain = 468.242
---------------------------------------------------------------------------------

Report RTL Partitions: 
+-+--------------+------------+----------+
| |RTL Partition |Replication |Instances |
+-+--------------+------------+----------+
+-+--------------+------------+----------+
---------------------------------------------------------------------------------
Start Applying XDC Timing Constraints
---------------------------------------------------------------------------------
---------------------------------------------------------------------------------
Finished Applying XDC Timing Constraints : Time (s): cpu = 00:00:35 ; elapsed = 00:01:17 . Memory (MB): peak = 793.496 ; gain = 478.574
---------------------------------------------------------------------------------
---------------------------------------------------------------------------------
Start Timing Optimization
---------------------------------------------------------------------------------
---------------------------------------------------------------------------------
Finished Timing Optimization : Time (s): cpu = 00:00:35 ; elapsed = 00:01:18 . Memory (MB): peak = 793.645 ; gain = 478.723
---------------------------------------------------------------------------------

Report RTL Partitions: 
+-+--------------+------------+----------+
| |RTL Partition |Replication |Instances |
+-+--------------+------------+----------+
+-+--------------+------------+----------+
---------------------------------------------------------------------------------
Start Technology Mapping
---------------------------------------------------------------------------------
---------------------------------------------------------------------------------
Finished Technology Mapping : Time (s): cpu = 00:00:35 ; elapsed = 00:01:18 . Memory (MB): peak = 804.125 ; gain = 489.203
---------------------------------------------------------------------------------

Report RTL Partitions: 
+-+--------------+------------+----------+
| |RTL Partition |Replication |Instances |
+-+--------------+------------+----------+
+-+--------------+------------+----------+
---------------------------------------------------------------------------------
Start IO Insertion
---------------------------------------------------------------------------------
---------------------------------------------------------------------------------
Start Flattening Before IO Insertion
---------------------------------------------------------------------------------
---------------------------------------------------------------------------------
Finished Flattening Before IO Insertion
---------------------------------------------------------------------------------
---------------------------------------------------------------------------------
Start Final Netlist Cleanup
---------------------------------------------------------------------------------
---------------------------------------------------------------------------------
Finished Final Netlist Cleanup
---------------------------------------------------------------------------------
---------------------------------------------------------------------------------
Finished IO Insertion : Time (s): cpu = 00:00:36 ; elapsed = 00:01:23 . Memory (MB): peak = 804.125 ; gain = 489.203
---------------------------------------------------------------------------------

Report Check Netlist: 
+------+------------------+-------+---------+-------+------------------+
|      |Item              |Errors |Warnings |Status |Description       |
+------+------------------+-------+---------+-------+------------------+
|1     |multi_driven_nets |      0|        0|Passed |Multi driven nets |
+------+------------------+-------+---------+-------+------------------+
---------------------------------------------------------------------------------
Start Renaming Generated Instances
---------------------------------------------------------------------------------
---------------------------------------------------------------------------------
Finished Renaming Generated Instances : Time (s): cpu = 00:00:36 ; elapsed = 00:01:23 . Memory (MB): peak = 804.125 ; gain = 489.203
---------------------------------------------------------------------------------

Report RTL Partitions: 
+-+--------------+------------+----------+
| |RTL Partition |Replication |Instances |
+-+--------------+------------+----------+
+-+--------------+------------+----------+
---------------------------------------------------------------------------------
Start Rebuilding User Hierarchy
---------------------------------------------------------------------------------
---------------------------------------------------------------------------------
Finished Rebuilding User Hierarchy : Time (s): cpu = 00:00:36 ; elapsed = 00:01:23 . Memory (MB): peak = 804.125 ; gain = 489.203
---------------------------------------------------------------------------------
---------------------------------------------------------------------------------
Start Renaming Generated Ports
---------------------------------------------------------------------------------
---------------------------------------------------------------------------------
Finished Renaming Generated Ports : Time (s): cpu = 00:00:36 ; elapsed = 00:01:23 . Memory (MB): peak = 804.125 ; gain = 489.203
---------------------------------------------------------------------------------
---------------------------------------------------------------------------------
Start Handling Custom Attributes
---------------------------------------------------------------------------------
---------------------------------------------------------------------------------
Finished Handling Custom Attributes : Time (s): cpu = 00:00:36 ; elapsed = 00:01:23 . Memory (MB): peak = 804.125 ; gain = 489.203
---------------------------------------------------------------------------------
---------------------------------------------------------------------------------
Start Renaming Generated Nets
---------------------------------------------------------------------------------
---------------------------------------------------------------------------------
Finished Renaming Generated Nets : Time (s): cpu = 00:00:36 ; elapsed = 00:01:23 . Memory (MB): peak = 804.125 ; gain = 489.203
---------------------------------------------------------------------------------
---------------------------------------------------------------------------------
Start Writing Synthesis Report
---------------------------------------------------------------------------------

Report BlackBoxes: 
+-+--------------+----------+
| |BlackBox name |Instances |
+-+--------------+----------+
+-+--------------+----------+

Report Cell Usage: 
+------+-----+------+
|      |Cell |Count |
+------+-----+------+
|1     |LUT1 |     1|
|2     |LUT2 |     1|
|3     |LUT3 |     3|
|4     |LUT4 |    13|
|5     |LUT5 |     2|
|6     |LUT6 |    33|
|7     |FDRE |   104|
|8     |FDSE |     2|
+------+-----+------+

Report Instance Areas: 
+------+---------------------------+------------------+------+
|      |Instance                   |Module            |Cells |
+------+---------------------------+------------------+------+
|1     |top                        |                  |   159|
|2     |  U0                       |myip_v1_0         |   159|
|3     |    myip_v1_0_S00_AXI_inst |myip_v1_0_S00_AXI |   159|
+------+---------------------------+------------------+------+
---------------------------------------------------------------------------------
Finished Writing Synthesis Report : Time (s): cpu = 00:00:36 ; elapsed = 00:01:23 . Memory (MB): peak = 804.125 ; gain = 489.203
---------------------------------------------------------------------------------
Synthesis finished with 0 errors, 0 critical warnings and 6 warnings.
Synthesis Optimization Runtime : Time (s): cpu = 00:00:22 ; elapsed = 00:00:58 . Memory (MB): peak = 804.125 ; gain = 174.219
Synthesis Optimization Complete : Time (s): cpu = 00:00:37 ; elapsed = 00:01:23 . Memory (MB): peak = 804.125 ; gain = 489.203
INFO: [Project 1-571] Translating synthesized netlist
INFO: [Project 1-570] Preparing netlist for logic optimization
INFO: [Opt 31-138] Pushed 0 inverter(s) to 0 load pin(s).
INFO: [Project 1-111] Unisim Transformation Summary:
No Unisim elements were transformed.

INFO: [Common 17-83] Releasing license: Synthesis
31 Infos, 18 Warnings, 0 Critical Warnings and 0 Errors encountered.
synth_design completed successfully
synth_design: Time (s): cpu = 00:00:39 ; elapsed = 00:01:34 . Memory (MB): peak = 813.730 ; gain = 509.012
WARNING: [Constraints 18-5210] No constraint will be written out.
INFO: [Common 17-1381] The checkpoint 'C:/ZYBO/Work-2018.2/APP6-GE/Pbmatique-APP6-Interrupt/APP6/APP6.runs/design_1_myip_0_0_synth_1/design_1_myip_0_0.dcp' has been generated.
