
*** Running vivado
    with args -log design_1_myip_0_0.vds -m64 -product Vivado -mode batch -messageDb vivado.pb -notrace -source design_1_myip_0_0.tcl


****** Vivado v2018.2 (64-bit)
  **** SW Build 2258646 on Thu Jun 14 20:03:12 MDT 2018
  **** IP Build 2256618 on Thu Jun 14 22:10:49 MDT 2018
    ** Copyright 1986-2018 Xilinx, Inc. All Rights Reserved.

source design_1_myip_0_0.tcl -notrace
Command: synth_design -top design_1_myip_0_0 -part xc7z010clg400-1 -mode out_of_context
Starting synth_design
Attempting to get a license for feature 'Synthesis' and/or device 'xc7z010'
INFO: [Common 17-349] Got license for feature 'Synthesis' and/or device 'xc7z010'
INFO: Launching helper process for spawning children vivado processes
INFO: Helper process launched with PID 13804 
---------------------------------------------------------------------------------
Starting RTL Elaboration : Time (s): cpu = 00:00:03 ; elapsed = 00:00:05 . Memory (MB): peak = 410.816 ; gain = 96.309
---------------------------------------------------------------------------------
INFO: [Synth 8-638] synthesizing module 'design_1_myip_0_0' [c:/ZYBO/Work-2018.2/APP6-GE/Pbmatique/APP6/APP6.srcs/sources_1/bd/design_1/ip/design_1_myip_0_0/synth/design_1_myip_0_0.vhd:83]
	Parameter C_S00_AXI_DATA_WIDTH bound to: 32 - type: integer 
	Parameter C_S00_AXI_ADDR_WIDTH bound to: 4 - type: integer 
INFO: [Synth 8-3491] module 'myip_v1_0' declared at 'c:/ZYBO/Work-2018.2/APP6-GE/Pbmatique/APP6/APP6.srcs/sources_1/bd/design_1/ipshared/d0e3/hdl/myip_v1_0.vhd:5' bound to instance 'U0' of component 'myip_v1_0' [c:/ZYBO/Work-2018.2/APP6-GE/Pbmatique/APP6/APP6.srcs/sources_1/bd/design_1/ip/design_1_myip_0_0/synth/design_1_myip_0_0.vhd:150]
INFO: [Synth 8-638] synthesizing module 'myip_v1_0' [c:/ZYBO/Work-2018.2/APP6-GE/Pbmatique/APP6/APP6.srcs/sources_1/bd/design_1/ipshared/d0e3/hdl/myip_v1_0.vhd:49]
	Parameter C_S00_AXI_DATA_WIDTH bound to: 32 - type: integer 
	Parameter C_S00_AXI_ADDR_WIDTH bound to: 4 - type: integer 
	Parameter C_S_AXI_DATA_WIDTH bound to: 32 - type: integer 
	Parameter C_S_AXI_ADDR_WIDTH bound to: 4 - type: integer 
INFO: [Synth 8-3491] module 'myip_v1_0_S00_AXI' declared at 'c:/ZYBO/Work-2018.2/APP6-GE/Pbmatique/APP6/APP6.srcs/sources_1/bd/design_1/ipshared/d0e3/hdl/myip_v1_0_S00_AXI.vhd:5' bound to instance 'myip_v1_0_S00_AXI_inst' of component 'myip_v1_0_S00_AXI' [c:/ZYBO/Work-2018.2/APP6-GE/Pbmatique/APP6/APP6.srcs/sources_1/bd/design_1/ipshared/d0e3/hdl/myip_v1_0.vhd:87]
INFO: [Synth 8-638] synthesizing module 'myip_v1_0_S00_AXI' [c:/ZYBO/Work-2018.2/APP6-GE/Pbmatique/APP6/APP6.srcs/sources_1/bd/design_1/ipshared/d0e3/hdl/myip_v1_0_S00_AXI.vhd:87]
	Parameter C_S_AXI_DATA_WIDTH bound to: 32 - type: integer 
	Parameter C_S_AXI_ADDR_WIDTH bound to: 4 - type: integer 
INFO: [Synth 8-226] default block is never used [c:/ZYBO/Work-2018.2/APP6-GE/Pbmatique/APP6/APP6.srcs/sources_1/bd/design_1/ipshared/d0e3/hdl/myip_v1_0_S00_AXI.vhd:237]
INFO: [Synth 8-226] default block is never used [c:/ZYBO/Work-2018.2/APP6-GE/Pbmatique/APP6/APP6.srcs/sources_1/bd/design_1/ipshared/d0e3/hdl/myip_v1_0_S00_AXI.vhd:368]
WARNING: [Synth 8-614] signal 'q_moyenne' is read in the process but is not in the sensitivity list [c:/ZYBO/Work-2018.2/APP6-GE/Pbmatique/APP6/APP6.srcs/sources_1/bd/design_1/ipshared/d0e3/hdl/myip_v1_0_S00_AXI.vhd:363]
WARNING: [Synth 8-6014] Unused sequential element slv_reg1_reg was removed.  [c:/ZYBO/Work-2018.2/APP6-GE/Pbmatique/APP6/APP6.srcs/sources_1/bd/design_1/ipshared/d0e3/hdl/myip_v1_0_S00_AXI.vhd:228]
WARNING: [Synth 8-6014] Unused sequential element loc_addr_reg was removed.  [c:/ZYBO/Work-2018.2/APP6-GE/Pbmatique/APP6/APP6.srcs/sources_1/bd/design_1/ipshared/d0e3/hdl/myip_v1_0_S00_AXI.vhd:235]
INFO: [Synth 8-256] done synthesizing module 'myip_v1_0_S00_AXI' (1#1) [c:/ZYBO/Work-2018.2/APP6-GE/Pbmatique/APP6/APP6.srcs/sources_1/bd/design_1/ipshared/d0e3/hdl/myip_v1_0_S00_AXI.vhd:87]
INFO: [Synth 8-256] done synthesizing module 'myip_v1_0' (2#1) [c:/ZYBO/Work-2018.2/APP6-GE/Pbmatique/APP6/APP6.srcs/sources_1/bd/design_1/ipshared/d0e3/hdl/myip_v1_0.vhd:49]
INFO: [Synth 8-256] done synthesizing module 'design_1_myip_0_0' (3#1) [c:/ZYBO/Work-2018.2/APP6-GE/Pbmatique/APP6/APP6.srcs/sources_1/bd/design_1/ip/design_1_myip_0_0/synth/design_1_myip_0_0.vhd:83]
WARNING: [Synth 8-3331] design myip_v1_0_S00_AXI has unconnected port S_AXI_AWPROT[2]
WARNING: [Synth 8-3331] design myip_v1_0_S00_AXI has unconnected port S_AXI_AWPROT[1]
WARNING: [Synth 8-3331] design myip_v1_0_S00_AXI has unconnected port S_AXI_AWPROT[0]
WARNING: [Synth 8-3331] design myip_v1_0_S00_AXI has unconnected port S_AXI_ARPROT[2]
WARNING: [Synth 8-3331] design myip_v1_0_S00_AXI has unconnected port S_AXI_ARPROT[1]
WARNING: [Synth 8-3331] design myip_v1_0_S00_AXI has unconnected port S_AXI_ARPROT[0]
---------------------------------------------------------------------------------
Finished RTL Elaboration : Time (s): cpu = 00:00:04 ; elapsed = 00:00:06 . Memory (MB): peak = 465.902 ; gain = 151.395
---------------------------------------------------------------------------------

Report Check Netlist: 
+------+------------------+-------+---------+-------+------------------+
|      |Item              |Errors |Warnings |Status |Description       |
+------+------------------+-------+---------+-------+------------------+
|1     |multi_driven_nets |      0|        0|Passed |Multi driven nets |
+------+------------------+-------+---------+-------+------------------+
---------------------------------------------------------------------------------
Start Handling Custom Attributes
---------------------------------------------------------------------------------
---------------------------------------------------------------------------------
Finished Handling Custom Attributes : Time (s): cpu = 00:00:04 ; elapsed = 00:00:07 . Memory (MB): peak = 465.902 ; gain = 151.395
---------------------------------------------------------------------------------
---------------------------------------------------------------------------------
Finished RTL Optimization Phase 1 : Time (s): cpu = 00:00:04 ; elapsed = 00:00:07 . Memory (MB): peak = 465.902 ; gain = 151.395
---------------------------------------------------------------------------------
INFO: [Device 21-403] Loading part xc7z010clg400-1
INFO: [Project 1-570] Preparing netlist for logic optimization

Processing XDC Constraints
Initializing timing engine
Completed Processing XDC Constraints

INFO: [Project 1-111] Unisim Transformation Summary:
No Unisim elements were transformed.

WARNING: [Constraints 18-5210] No constraint will be written out.
Constraint Validation Runtime : Time (s): cpu = 00:00:00 ; elapsed = 00:00:00.457 . Memory (MB): peak = 791.645 ; gain = 2.602
---------------------------------------------------------------------------------
Finished Constraint Validation : Time (s): cpu = 00:00:14 ; elapsed = 00:00:29 . Memory (MB): peak = 791.645 ; gain = 477.137
---------------------------------------------------------------------------------
---------------------------------------------------------------------------------
Start Loading Part and Timing Information
---------------------------------------------------------------------------------
Loading part: xc7z010clg400-1
---------------------------------------------------------------------------------
Finished Loading Part and Timing Information : Time (s): cpu = 00:00:14 ; elapsed = 00:00:29 . Memory (MB): peak = 791.645 ; gain = 477.137
---------------------------------------------------------------------------------
---------------------------------------------------------------------------------
Start Applying 'set_property' XDC Constraints
---------------------------------------------------------------------------------
---------------------------------------------------------------------------------
Finished applying 'set_property' XDC Constraints : Time (s): cpu = 00:00:14 ; elapsed = 00:00:29 . Memory (MB): peak = 791.645 ; gain = 477.137
---------------------------------------------------------------------------------
INFO: [Synth 8-5544] ROM "q_memory_reg[0]" won't be mapped to Block RAM because address size (4) smaller than threshold (5)
INFO: [Synth 8-5544] ROM "q_memory_reg[1]" won't be mapped to Block RAM because address size (4) smaller than threshold (5)
INFO: [Synth 8-5544] ROM "q_memory_reg[2]" won't be mapped to Block RAM because address size (4) smaller than threshold (5)
INFO: [Synth 8-5544] ROM "q_memory_reg[3]" won't be mapped to Block RAM because address size (4) smaller than threshold (5)
INFO: [Synth 8-5544] ROM "q_memory_reg[4]" won't be mapped to Block RAM because address size (4) smaller than threshold (5)
INFO: [Synth 8-5544] ROM "q_memory_reg[5]" won't be mapped to Block RAM because address size (4) smaller than threshold (5)
INFO: [Synth 8-5544] ROM "q_memory_reg[6]" won't be mapped to Block RAM because address size (4) smaller than threshold (5)
INFO: [Synth 8-5544] ROM "q_memory_reg[7]" won't be mapped to Block RAM because address size (4) smaller than threshold (5)
---------------------------------------------------------------------------------
Finished RTL Optimization Phase 2 : Time (s): cpu = 00:00:15 ; elapsed = 00:00:29 . Memory (MB): peak = 791.645 ; gain = 477.137
---------------------------------------------------------------------------------

Report RTL Partitions: 
+-+--------------+------------+----------+
| |RTL Partition |Replication |Instances |
+-+--------------+------------+----------+
+-+--------------+------------+----------+
---------------------------------------------------------------------------------
Start RTL Component Statistics 
---------------------------------------------------------------------------------
Detailed RTL Component Info : 
+---Adders : 
	   4 Input     35 Bit       Adders := 1     
	   2 Input      4 Bit       Adders := 1     
+---Registers : 
	               35 Bit    Registers := 1     
	               32 Bit    Registers := 13    
	                4 Bit    Registers := 3     
	                2 Bit    Registers := 2     
	                1 Bit    Registers := 8     
+---Muxes : 
	   2 Input     35 Bit        Muxes := 1     
	   2 Input     32 Bit        Muxes := 10    
	   4 Input     32 Bit        Muxes := 4     
	   2 Input      1 Bit        Muxes := 7     
	   4 Input      1 Bit        Muxes := 1     
	   3 Input      1 Bit        Muxes := 8     
---------------------------------------------------------------------------------
Finished RTL Component Statistics 
---------------------------------------------------------------------------------
---------------------------------------------------------------------------------
Start RTL Hierarchical Component Statistics 
---------------------------------------------------------------------------------
Hierarchical RTL Component report 
Module myip_v1_0_S00_AXI 
Detailed RTL Component Info : 
+---Adders : 
	   4 Input     35 Bit       Adders := 1     
	   2 Input      4 Bit       Adders := 1     
+---Registers : 
	               35 Bit    Registers := 1     
	               32 Bit    Registers := 13    
	                4 Bit    Registers := 3     
	                2 Bit    Registers := 2     
	                1 Bit    Registers := 8     
+---Muxes : 
	   2 Input     35 Bit        Muxes := 1     
	   2 Input     32 Bit        Muxes := 10    
	   4 Input     32 Bit        Muxes := 4     
	   2 Input      1 Bit        Muxes := 7     
	   4 Input      1 Bit        Muxes := 1     
	   3 Input      1 Bit        Muxes := 8     
---------------------------------------------------------------------------------
Finished RTL Hierarchical Component Statistics
---------------------------------------------------------------------------------
---------------------------------------------------------------------------------
Start Part Resource Summary
---------------------------------------------------------------------------------
Part Resources:
DSPs: 80 (col length:40)
BRAMs: 120 (col length: RAMB18 40 RAMB36 20)
---------------------------------------------------------------------------------
Finished Part Resource Summary
---------------------------------------------------------------------------------
---------------------------------------------------------------------------------
Start Cross Boundary and Area Optimization
---------------------------------------------------------------------------------
Warning: Parallel synthesis criteria is not met 
WARNING: [Synth 8-3331] design design_1_myip_0_0 has unconnected port s00_axi_awprot[2]
WARNING: [Synth 8-3331] design design_1_myip_0_0 has unconnected port s00_axi_awprot[1]
WARNING: [Synth 8-3331] design design_1_myip_0_0 has unconnected port s00_axi_awprot[0]
WARNING: [Synth 8-3331] design design_1_myip_0_0 has unconnected port s00_axi_arprot[2]
WARNING: [Synth 8-3331] design design_1_myip_0_0 has unconnected port s00_axi_arprot[1]
WARNING: [Synth 8-3331] design design_1_myip_0_0 has unconnected port s00_axi_arprot[0]
INFO: [Synth 8-3333] propagating constant 1 across sequential element (\U0/myip_v1_0_S00_AXI_inst/aw_en_reg )
INFO: [Synth 8-3886] merging instance 'U0/myip_v1_0_S00_AXI_inst/axi_rresp_reg[0]' (FDRE) to 'U0/myip_v1_0_S00_AXI_inst/axi_rresp_reg[1]'
INFO: [Synth 8-3333] propagating constant 0 across sequential element (\U0/myip_v1_0_S00_AXI_inst/axi_rresp_reg[1] )
INFO: [Synth 8-3886] merging instance 'U0/myip_v1_0_S00_AXI_inst/axi_bresp_reg[0]' (FDRE) to 'U0/myip_v1_0_S00_AXI_inst/axi_bresp_reg[1]'
INFO: [Synth 8-3333] propagating constant 0 across sequential element (\U0/myip_v1_0_S00_AXI_inst/axi_bresp_reg[1] )
INFO: [Synth 8-3332] Sequential element (U0/myip_v1_0_S00_AXI_inst/aw_en_reg) is unused and will be removed from module design_1_myip_0_0.
INFO: [Synth 8-3332] Sequential element (U0/myip_v1_0_S00_AXI_inst/axi_awaddr_reg[1]) is unused and will be removed from module design_1_myip_0_0.
INFO: [Synth 8-3332] Sequential element (U0/myip_v1_0_S00_AXI_inst/axi_awaddr_reg[0]) is unused and will be removed from module design_1_myip_0_0.
INFO: [Synth 8-3332] Sequential element (U0/myip_v1_0_S00_AXI_inst/axi_bresp_reg[1]) is unused and will be removed from module design_1_myip_0_0.
INFO: [Synth 8-3332] Sequential element (U0/myip_v1_0_S00_AXI_inst/axi_araddr_reg[1]) is unused and will be removed from module design_1_myip_0_0.
INFO: [Synth 8-3332] Sequential element (U0/myip_v1_0_S00_AXI_inst/axi_araddr_reg[0]) is unused and will be removed from module design_1_myip_0_0.
INFO: [Synth 8-3332] Sequential element (U0/myip_v1_0_S00_AXI_inst/axi_rresp_reg[1]) is unused and will be removed from module design_1_myip_0_0.
---------------------------------------------------------------------------------
Finished Cross Boundary and Area Optimization : Time (s): cpu = 00:00:17 ; elapsed = 00:00:31 . Memory (MB): peak = 791.645 ; gain = 477.137
---------------------------------------------------------------------------------

Report RTL Partitions: 
+-+--------------+------------+----------+
| |RTL Partition |Replication |Instances |
+-+--------------+------------+----------+
+-+--------------+------------+----------+
---------------------------------------------------------------------------------
Start Applying XDC Timing Constraints
---------------------------------------------------------------------------------
---------------------------------------------------------------------------------
Finished Applying XDC Timing Constraints : Time (s): cpu = 00:00:27 ; elapsed = 00:00:45 . Memory (MB): peak = 795.758 ; gain = 481.250
---------------------------------------------------------------------------------
---------------------------------------------------------------------------------
Start Timing Optimization
---------------------------------------------------------------------------------
---------------------------------------------------------------------------------
Finished Timing Optimization : Time (s): cpu = 00:00:27 ; elapsed = 00:00:45 . Memory (MB): peak = 796.281 ; gain = 481.773
---------------------------------------------------------------------------------

Report RTL Partitions: 
+-+--------------+------------+----------+
| |RTL Partition |Replication |Instances |
+-+--------------+------------+----------+
+-+--------------+------------+----------+
---------------------------------------------------------------------------------
Start Technology Mapping
---------------------------------------------------------------------------------
---------------------------------------------------------------------------------
Finished Technology Mapping : Time (s): cpu = 00:00:27 ; elapsed = 00:00:45 . Memory (MB): peak = 816.879 ; gain = 502.371
---------------------------------------------------------------------------------

Report RTL Partitions: 
+-+--------------+------------+----------+
| |RTL Partition |Replication |Instances |
+-+--------------+------------+----------+
+-+--------------+------------+----------+
---------------------------------------------------------------------------------
Start IO Insertion
---------------------------------------------------------------------------------
---------------------------------------------------------------------------------
Start Flattening Before IO Insertion
---------------------------------------------------------------------------------
---------------------------------------------------------------------------------
Finished Flattening Before IO Insertion
---------------------------------------------------------------------------------
---------------------------------------------------------------------------------
Start Final Netlist Cleanup
---------------------------------------------------------------------------------
---------------------------------------------------------------------------------
Finished Final Netlist Cleanup
---------------------------------------------------------------------------------
---------------------------------------------------------------------------------
Finished IO Insertion : Time (s): cpu = 00:00:29 ; elapsed = 00:00:46 . Memory (MB): peak = 816.879 ; gain = 502.371
---------------------------------------------------------------------------------

Report Check Netlist: 
+------+------------------+-------+---------+-------+------------------+
|      |Item              |Errors |Warnings |Status |Description       |
+------+------------------+-------+---------+-------+------------------+
|1     |multi_driven_nets |      0|        0|Passed |Multi driven nets |
+------+------------------+-------+---------+-------+------------------+
---------------------------------------------------------------------------------
Start Renaming Generated Instances
---------------------------------------------------------------------------------
---------------------------------------------------------------------------------
Finished Renaming Generated Instances : Time (s): cpu = 00:00:29 ; elapsed = 00:00:46 . Memory (MB): peak = 816.879 ; gain = 502.371
---------------------------------------------------------------------------------

Report RTL Partitions: 
+-+--------------+------------+----------+
| |RTL Partition |Replication |Instances |
+-+--------------+------------+----------+
+-+--------------+------------+----------+
---------------------------------------------------------------------------------
Start Rebuilding User Hierarchy
---------------------------------------------------------------------------------
---------------------------------------------------------------------------------
Finished Rebuilding User Hierarchy : Time (s): cpu = 00:00:29 ; elapsed = 00:00:46 . Memory (MB): peak = 816.879 ; gain = 502.371
---------------------------------------------------------------------------------
---------------------------------------------------------------------------------
Start Renaming Generated Ports
---------------------------------------------------------------------------------
---------------------------------------------------------------------------------
Finished Renaming Generated Ports : Time (s): cpu = 00:00:29 ; elapsed = 00:00:46 . Memory (MB): peak = 816.879 ; gain = 502.371
---------------------------------------------------------------------------------
---------------------------------------------------------------------------------
Start Handling Custom Attributes
---------------------------------------------------------------------------------
---------------------------------------------------------------------------------
Finished Handling Custom Attributes : Time (s): cpu = 00:00:29 ; elapsed = 00:00:46 . Memory (MB): peak = 816.879 ; gain = 502.371
---------------------------------------------------------------------------------
---------------------------------------------------------------------------------
Start Renaming Generated Nets
---------------------------------------------------------------------------------
---------------------------------------------------------------------------------
Finished Renaming Generated Nets : Time (s): cpu = 00:00:29 ; elapsed = 00:00:46 . Memory (MB): peak = 816.879 ; gain = 502.371
---------------------------------------------------------------------------------
---------------------------------------------------------------------------------
Start Writing Synthesis Report
---------------------------------------------------------------------------------

Report BlackBoxes: 
+-+--------------+----------+
| |BlackBox name |Instances |
+-+--------------+----------+
+-+--------------+----------+

Report Cell Usage: 
+------+-------+------+
|      |Cell   |Count |
+------+-------+------+
|1     |CARRY4 |     9|
|2     |LUT1   |     3|
|3     |LUT2   |     4|
|4     |LUT3   |   234|
|5     |LUT4   |    49|
|6     |LUT5   |    34|
|7     |LUT6   |    41|
|8     |FDRE   |   465|
|9     |FDSE   |     2|
+------+-------+------+

Report Instance Areas: 
+------+---------------------------+------------------+------+
|      |Instance                   |Module            |Cells |
+------+---------------------------+------------------+------+
|1     |top                        |                  |   841|
|2     |  U0                       |myip_v1_0         |   841|
|3     |    myip_v1_0_S00_AXI_inst |myip_v1_0_S00_AXI |   841|
+------+---------------------------+------------------+------+
---------------------------------------------------------------------------------
Finished Writing Synthesis Report : Time (s): cpu = 00:00:29 ; elapsed = 00:00:46 . Memory (MB): peak = 816.879 ; gain = 502.371
---------------------------------------------------------------------------------
Synthesis finished with 0 errors, 0 critical warnings and 6 warnings.
Synthesis Optimization Runtime : Time (s): cpu = 00:00:17 ; elapsed = 00:00:28 . Memory (MB): peak = 816.879 ; gain = 176.629
Synthesis Optimization Complete : Time (s): cpu = 00:00:29 ; elapsed = 00:00:47 . Memory (MB): peak = 816.879 ; gain = 502.371
INFO: [Project 1-571] Translating synthesized netlist
INFO: [Netlist 29-17] Analyzing 9 Unisim elements for replacement
INFO: [Netlist 29-28] Unisim Transformation completed in 0 CPU seconds
INFO: [Project 1-570] Preparing netlist for logic optimization
INFO: [Opt 31-138] Pushed 0 inverter(s) to 0 load pin(s).
INFO: [Project 1-111] Unisim Transformation Summary:
No Unisim elements were transformed.

INFO: [Common 17-83] Releasing license: Synthesis
41 Infos, 16 Warnings, 0 Critical Warnings and 0 Errors encountered.
synth_design completed successfully
synth_design: Time (s): cpu = 00:00:31 ; elapsed = 00:00:51 . Memory (MB): peak = 816.879 ; gain = 512.758
WARNING: [Constraints 18-5210] No constraint will be written out.
INFO: [Common 17-1381] The checkpoint 'C:/ZYBO/Work-2018.2/APP6-GE/Pbmatique/APP6/APP6.runs/design_1_myip_0_0_synth_1/design_1_myip_0_0.dcp' has been generated.
